#
# There is insufficient memory for the Java Runtime Environment to continue.
# Native memory allocation (mmap) failed to map 65011712 bytes for G1 virtual space
# Possible reasons:
#   The system is out of physical RAM or swap space
#   The process is running with CompressedOops enabled, and the Java Heap may be blocking the growth of the native heap
# Possible solutions:
#   Reduce memory load on the system
#   Increase physical memory or swap space
#   Check if swap backing store is full
#   Decrease Java heap size (-Xmx/-Xms)
#   Decrease number of Java threads
#   Decrease Java thread stack sizes (-Xss)
#   Set larger code cache with -XX:ReservedCodeCacheSize=
#   JVM is running with Unscaled Compressed Oops mode in which the Java heap is
#     placed in the first 4GB address space. The Java Heap base address is the
#     maximum limit for the native heap growth. Please use -XX:HeapBaseMinAddress
#     to set the Java Heap base and to place the Java Heap above 4GB virtual address.
# This output file may be truncated or incomplete.
#
#  Out of Memory Error (os_windows.cpp:3600), pid=11584, tid=1684
#
# JRE version:  (21.0+35) (build )
# Java VM: Java HotSpot(TM) 64-Bit Server VM (21+35-LTS-2513, mixed mode, sharing, tiered, compressed oops, compressed class ptrs, g1 gc, windows-amd64)
# No core dump will be written. Minidumps are not enabled by default on client versions of Windows
#

---------------  S U M M A R Y ------------

Command Line: -XX:+ShowCodeDetailsInExceptionMessages com.tutorial.Lingkaran

Host: Intel(R) Celeron(R) N4020 CPU @ 1.10GHz, 2 cores, 3G,  Windows 11 , 64 bit Build 22621 (10.0.22621.2428)
Time: Thu Nov 30 17:35:29 2023 Malay Peninsula Standard Time elapsed time: 0.034816 seconds (0d 0h 0m 0s)

---------------  T H R E A D  ---------------

Current thread (0x0000020a5fe84d50):  JavaThread "Unknown thread" [_thread_in_vm, id=1684, stack(0x000000eab8300000,0x000000eab8400000) (1024K)]

Stack: [0x000000eab8300000,0x000000eab8400000]
Native frames: (J=compiled Java code, j=interpreted, Vv=VM code, C=native code)
V  [jvm.dll+0x6c8d39]
V  [jvm.dll+0x854091]
V  [jvm.dll+0x85630e]
V  [jvm.dll+0x8569e3]
V  [jvm.dll+0x2809a6]
V  [jvm.dll+0x6c5425]
V  [jvm.dll+0x6b9e1a]
V  [jvm.dll+0x3555ba]
V  [jvm.dll+0x35d206]
V  [jvm.dll+0x3adf6e]
V  [jvm.dll+0x3ae218]
V  [jvm.dll+0x328fcc]
V  [jvm.dll+0x329b5b]
V  [jvm.dll+0x81c699]
V  [jvm.dll+0x3bb2a1]
V  [jvm.dll+0x805688]
V  [jvm.dll+0x44ed9e]
V  [jvm.dll+0x4506a1]
C  [jli.dll+0x52a3]
C  [ucrtbase.dll+0x29363]
C  [KERNEL32.DLL+0x1257d]
C  [ntdll.dll+0x5aa78]


---------------  P R O C E S S  ---------------

Threads class SMR info:
_java_thread_list=0x00007ffcf2517b48, length=0, elements={
}

Java Threads: ( => current thread )
Total: 0

Other Threads:
  0x0000020a61f63870 WorkerThread "GC Thread#0"                     [id=5036, stack(0x000000eab8400000,0x000000eab8500000) (1024K)]
  0x0000020a61f6c2d0 ConcurrentGCThread "G1 Main Marker"            [id=4360, stack(0x000000eab8500000,0x000000eab8600000) (1024K)]
  0x0000020a61f6cf80 WorkerThread "G1 Conc#0"                       [id=13580, stack(0x000000eab8600000,0x000000eab8700000) (1024K)]

[error occurred during error reporting (printing all threads), id 0xc0000005, EXCEPTION_ACCESS_VIOLATION (0xc0000005) at pc=0x00007ffcf1c8c097]
VM state: not at safepoint (not fully initialized)

VM Mutex/Monitor currently owned by a thread:  ([mutex/lock_event])
[0x00007ffcf2588648] Heap_lock - owner thread: 0x0000020a5fe84d50

Heap address: 0x00000000c2c00000, size: 980 MB, Compressed Oops mode: 32-bit

CDS archive(s) mapped at: [0x0000000000000000-0x0000000000000000-0x0000000000000000), size 0, SharedBaseAddress: 0x0000000800000000, ArchiveRelocationMode: 1.
Narrow klass base: 0x0000000000000000, Narrow klass shift: 0, Narrow klass range: 0x0

GC Precious Log:
 CardTable entry size: 512
 Card Set container configuration: InlinePtr #cards 5 size 8 Array Of Cards #cards 12 size 40 Howl #buckets 4 coarsen threshold 1843 Howl Bitmap #cards 512 size 80 coarsen threshold 460 Card regions per heap region 1 cards per card region 2048

Heap:
 garbage-first heap   total 0K, used 0K [0x00000000c2c00000, 0x0000000100000000)
  region size 1024K, 0 young (0K), 0 survivors (0K)

[error occurred during error reporting (printing heap information), id 0xc0000005, EXCEPTION_ACCESS_VIOLATION (0xc0000005) at pc=0x00007ffcf2071939]
GC Heap History (0 events):
No events

Dll operation events (1 events):
Event: 0.016 Loaded shared library C:\Program Files\Java\jdk-21\bin\java.dll

Deoptimization events (0 events):
No events

Classes loaded (0 events):
No events

Classes unloaded (0 events):
No events

Classes redefined (0 events):
No events

Internal exceptions (0 events):
No events

ZGC Phase Switch (0 events):
No events

VM Operations (0 events):
No events

Events (0 events):
No events


Dynamic libraries:
0x00007ff74b320000 - 0x00007ff74b330000 	C:\Program Files\Java\jdk-21\bin\java.exe
0x00007ffd5d610000 - 0x00007ffd5d827000 	C:\Windows\SYSTEM32\ntdll.dll
0x00007ffd5c600000 - 0x00007ffd5c6c4000 	C:\Windows\System32\KERNEL32.DLL
0x00007ffd5ad10000 - 0x00007ffd5b0b6000 	C:\Windows\System32\KERNELBASE.dll
0x00007ffd5aa30000 - 0x00007ffd5ab41000 	C:\Windows\System32\ucrtbase.dll
0x00007ffd45250000 - 0x00007ffd45269000 	C:\Program Files\Java\jdk-21\bin\jli.dll
0x00007ffd391d0000 - 0x00007ffd391eb000 	C:\Program Files\Java\jdk-21\bin\VCRUNTIME140.dll
0x00007ffd5cd30000 - 0x00007ffd5cde0000 	C:\Windows\System32\ADVAPI32.dll
0x00007ffd5cef0000 - 0x00007ffd5cf97000 	C:\Windows\System32\msvcrt.dll
0x00007ffd5c040000 - 0x00007ffd5c0e6000 	C:\Windows\System32\sechost.dll
0x00007ffd5c6e0000 - 0x00007ffd5c7f7000 	C:\Windows\System32\RPCRT4.dll
0x00007ffd496f0000 - 0x00007ffd49983000 	C:\Windows\WinSxS\amd64_microsoft.windows.common-controls_6595b64144ccf1df_6.0.22621.2361_none_2712ced57382f843\COMCTL32.dll
0x00007ffd5cb90000 - 0x00007ffd5cbb9000 	C:\Windows\System32\GDI32.dll
0x00007ffd5ab50000 - 0x00007ffd5ab76000 	C:\Windows\System32\win32u.dll
0x00007ffd5ab80000 - 0x00007ffd5ac98000 	C:\Windows\System32\gdi32full.dll
0x00007ffd5a990000 - 0x00007ffd5aa2a000 	C:\Windows\System32\msvcp_win.dll
0x00007ffd5d170000 - 0x00007ffd5d31d000 	C:\Windows\System32\USER32.dll
0x00007ffd48b60000 - 0x00007ffd48b6a000 	C:\Windows\SYSTEM32\VERSION.dll
0x00007ffd5bf80000 - 0x00007ffd5bfb1000 	C:\Windows\System32\IMM32.DLL
0x00007ffd49190000 - 0x00007ffd4919c000 	C:\Program Files\Java\jdk-21\bin\vcruntime140_1.dll
0x00007ffd29030000 - 0x00007ffd290be000 	C:\Program Files\Java\jdk-21\bin\msvcp140.dll
0x00007ffcf1950000 - 0x00007ffcf2663000 	C:\Program Files\Java\jdk-21\bin\server\jvm.dll
0x00007ffd5cbd0000 - 0x00007ffd5cc41000 	C:\Windows\System32\WS2_32.dll
0x00007ffd5a860000 - 0x00007ffd5a8ad000 	C:\Windows\SYSTEM32\POWRPROF.dll
0x00007ffd4d7d0000 - 0x00007ffd4d804000 	C:\Windows\SYSTEM32\WINMM.dll
0x00007ffd5a690000 - 0x00007ffd5a6a3000 	C:\Windows\SYSTEM32\UMPDC.dll
0x00007ffd599d0000 - 0x00007ffd599e8000 	C:\Windows\SYSTEM32\kernel.appcore.dll
0x00007ffd448d0000 - 0x00007ffd448da000 	C:\Program Files\Java\jdk-21\bin\jimage.dll
0x00007ffd583e0000 - 0x00007ffd5860e000 	C:\Windows\SYSTEM32\DBGHELP.DLL
0x00007ffd5c800000 - 0x00007ffd5cb8a000 	C:\Windows\System32\combase.dll
0x00007ffd5cc50000 - 0x00007ffd5cd27000 	C:\Windows\System32\OLEAUT32.dll
0x00007ffd3d750000 - 0x00007ffd3d782000 	C:\Windows\SYSTEM32\dbgcore.DLL
0x00007ffd5b0c0000 - 0x00007ffd5b13a000 	C:\Windows\System32\bcryptPrimitives.dll
0x00007ffd31d70000 - 0x00007ffd31d8f000 	C:\Program Files\Java\jdk-21\bin\java.dll

dbghelp: loaded successfully - version: 4.0.5 - missing functions: none
symbol engine: initialized successfully - sym options: 0x614 - pdb path: .;C:\Program Files\Java\jdk-21\bin;C:\Windows\SYSTEM32;C:\Windows\WinSxS\amd64_microsoft.windows.common-controls_6595b64144ccf1df_6.0.22621.2361_none_2712ced57382f843;C:\Program Files\Java\jdk-21\bin\server

VM Arguments:
jvm_args: -XX:+ShowCodeDetailsInExceptionMessages 
java_command: com.tutorial.Lingkaran
java_class_path (initial): D:\latihan x studio PBO\Luas Keliling Lingkaran\bin
Launcher Type: SUN_STANDARD

[Global flags]
     intx CICompilerCount                          = 2                                         {product} {ergonomic}
     uint ConcGCThreads                            = 1                                         {product} {ergonomic}
     uint G1ConcRefinementThreads                  = 2                                         {product} {ergonomic}
   size_t G1HeapRegionSize                         = 1048576                                   {product} {ergonomic}
    uintx GCDrainStackTargetSize                   = 64                                        {product} {ergonomic}
   size_t InitialHeapSize                          = 65011712                                  {product} {ergonomic}
   size_t MarkStackSize                            = 4194304                                   {product} {ergonomic}
   size_t MaxHeapSize                              = 1027604480                                {product} {ergonomic}
   size_t MinHeapDeltaBytes                        = 1048576                                   {product} {ergonomic}
   size_t MinHeapSize                              = 8388608                                   {product} {ergonomic}
    uintx NonNMethodCodeHeapSize                   = 5826188                                {pd product} {ergonomic}
    uintx NonProfiledCodeHeapSize                  = 122916026                              {pd product} {ergonomic}
    uintx ProfiledCodeHeapSize                     = 122916026                              {pd product} {ergonomic}
    uintx ReservedCodeCacheSize                    = 251658240                              {pd product} {ergonomic}
     bool SegmentedCodeCache                       = true                                      {product} {ergonomic}
     bool ShowCodeDetailsInExceptionMessages       = true                                   {manageable} {command line}
   size_t SoftMaxHeapSize                          = 1027604480                             {manageable} {ergonomic}
     bool UseCompressedOops                        = true                           {product lp64_product} {ergonomic}
     bool UseG1GC                                  = true                                      {product} {ergonomic}
     bool UseLargePagesIndividualAllocation        = false                                  {pd product} {ergonomic}

Logging:
Log output configuration:
 #0: stdout all=warning uptime,level,tags foldmultilines=false
 #1: stderr all=off uptime,level,tags foldmultilines=false

Environment Variables:
PATH=C:\Program Files\Common Files\Oracle\Java\javapath;C:\Windows\system32;C:\Windows;C:\Windows\System32\Wbem;C:\Windows\System32\WindowsPowerShell\v1.0\;C:\Windows\System32\OpenSSH\;C:\Program Files\Git\cmd;C:\Users\riska\AppData\Local\Microsoft\WindowsApps;;C:\Users\riska\AppData\Local\Programs\Microsoft VS Code\bin
USERNAME=riska
LANG=en_US.UTF-8
OS=Windows_NT
PROCESSOR_IDENTIFIER=Intel64 Family 6 Model 122 Stepping 8, GenuineIntel
TMP=C:\Users\riska\AppData\Local\Temp
TEMP=C:\Users\riska\AppData\Local\Temp




---------------  S Y S T E M  ---------------

OS:
 Windows 11 , 64 bit Build 22621 (10.0.22621.2428)
OS uptime: 2 days 5:33 hours

CPU: total 2 (initial active 2) (2 cores per cpu, 1 threads per core) family 6 model 122 stepping 8 microcode 0x18, cx8, cmov, fxsr, mmx, 3dnowpref, sse, sse2, sse3, ssse3, sse4.1, sse4.2, popcnt, tsc, tscinvbit, aes, erms, clmul, sha, clflush, clflushopt, rdtscp, rdpid
Processor Information for all 2 processors :
  Max Mhz: 1101, Current Mhz: 1101, Mhz Limit: 1101

Memory: 4k page, system-wide physical 3918M (271M free)
TotalPageFile size 5966M (AvailPageFile size 56M)
current process WorkingSet (physical memory assigned to process): 10M, peak: 10M
current process commit charge ("private bytes"): 47M, peak: 109M

vm_info: Java HotSpot(TM) 64-Bit Server VM (21+35-LTS-2513) for windows-amd64 JRE (21+35-LTS-2513), built on 2023-08-09T20:25:10Z by "mach5one" with MS VC++ 17.1 (VS2022)

END.
