#
# There is insufficient memory for the Java Runtime Environment to continue.
# Native memory allocation (malloc) failed to allocate 1048576 bytes for AllocateHeap
# Possible reasons:
#   The system is out of physical RAM or swap space
#   The process is running with CompressedOops enabled, and the Java Heap may be blocking the growth of the native heap
# Possible solutions:
#   Reduce memory load on the system
#   Increase physical memory or swap space
#   Check if swap backing store is full
#   Decrease Java heap size (-Xmx/-Xms)
#   Decrease number of Java threads
#   Decrease Java thread stack sizes (-Xss)
#   Set larger code cache with -XX:ReservedCodeCacheSize=
#   JVM is running with Unscaled Compressed Oops mode in which the Java heap is
#     placed in the first 4GB address space. The Java Heap base address is the
#     maximum limit for the native heap growth. Please use -XX:HeapBaseMinAddress
#     to set the Java Heap base and to place the Java Heap above 4GB virtual address.
# This output file may be truncated or incomplete.
#
#  Out of Memory Error (allocation.cpp:44), pid=12732, tid=8216
#
# JRE version:  (17.0.8.1+1) (build )
# Java VM: OpenJDK 64-Bit Server VM (17.0.8.1+1, mixed mode, tiered, compressed oops, compressed class ptrs, parallel gc, windows-amd64)
# No core dump will be written. Minidumps are not enabled by default on client versions of Windows
#

---------------  S U M M A R Y ------------

Command Line: --add-modules=ALL-SYSTEM --add-opens=java.base/java.util=ALL-UNNAMED --add-opens=java.base/java.lang=ALL-UNNAMED --add-opens=java.base/sun.nio.fs=ALL-UNNAMED -Declipse.application=org.eclipse.jdt.ls.core.id1 -Dosgi.bundles.defaultStartLevel=4 -Declipse.product=org.eclipse.jdt.ls.core.product -Djava.import.generatesMetadataFilesAtProjectRoot=false -DDetectVMInstallationsJob.disabled=true -Dfile.encoding=utf8 -XX:+UseParallelGC -XX:GCTimeRatio=4 -XX:AdaptiveSizePolicyWeight=90 -Dsun.zip.disableMemoryMapping=true -Xmx1G -Xms100m -Xlog:disable -javaagent:c:\Users\riska\.vscode\extensions\redhat.java-1.23.0-win32-x64\lombok\lombok-1.18.30.jar c:\Users\riska\.vscode\extensions\redhat.java-1.23.0-win32-x64\server\plugins\org.eclipse.equinox.launcher_1.6.500.v20230717-2134.jar -configuration c:\Users\riska\AppData\Roaming\Code\User\globalStorage\redhat.java\1.23.0\config_ss_win -data c:\Users\riska\AppData\Roaming\Code\User\workspaceStorage\be6b49f38933a311cd9574f1a5c21e3b\redhat.java\ss_ws

Host: Intel(R) Celeron(R) N4020 CPU @ 1.10GHz, 2 cores, 3G,  Windows 11 , 64 bit Build 22621 (10.0.22621.2215)
Time: Tue Oct 17 10:47:39 2023 Malay Peninsula Standard Time elapsed time: 0.114129 seconds (0d 0h 0m 0s)

---------------  T H R E A D  ---------------

Current thread (0x0000023d18827760):  JavaThread "Unknown thread" [_thread_in_vm, id=8216, stack(0x0000009012d00000,0x0000009012e00000)]

Stack: [0x0000009012d00000,0x0000009012e00000]
Native frames: (J=compiled Java code, j=interpreted, Vv=VM code, C=native code)
V  [jvm.dll+0x678b0a]
V  [jvm.dll+0x835e84]
V  [jvm.dll+0x83762e]
V  [jvm.dll+0x837c93]
V  [jvm.dll+0x24746f]
V  [jvm.dll+0xa697b]
V  [jvm.dll+0x6ab47a]
V  [jvm.dll+0x6ac13f]
V  [jvm.dll+0x685233]
V  [jvm.dll+0x80864b]
V  [jvm.dll+0x36bba4]
V  [jvm.dll+0x7e733c]
V  [jvm.dll+0x3ee4af]
V  [jvm.dll+0x3f00c1]
C  [jli.dll+0x528b]
C  [ucrtbase.dll+0x29363]
C  [KERNEL32.DLL+0x1257d]
C  [ntdll.dll+0x5aa68]


---------------  P R O C E S S  ---------------

Threads class SMR info:
_java_thread_list=0x00007ffbf560a018, length=0, elements={
}

Java Threads: ( => current thread )

Other Threads:
  0x0000023d18836180 GCTaskThread "GC Thread#0" [stack: 0x0000009012f00000,0x0000009013000000] [id=9124]

=>0x0000023d18827760 (exited) JavaThread "Unknown thread" [_thread_in_vm, id=8216, stack(0x0000009012d00000,0x0000009012e00000)]

Threads with active compile tasks:

VM state: not at safepoint (normal execution)

VM Mutex/Monitor currently owned by a thread: None

Heap address: 0x00000000c0000000, size: 1024 MB, Compressed Oops mode: 32-bit

CDS archive(s) not mapped
Compressed class space mapped at: 0x0000000100000000-0x0000000140000000, reserved size: 1073741824
Narrow klass base: 0x0000000000000000, Narrow klass shift: 3, Narrow klass range: 0x140000000

GC Precious Log:
 CPUs: 2 total, 2 available
 Memory: 3918M
 Large Page Support: Disabled
 NUMA Support: Disabled
 Compressed Oops: Enabled (32-bit)
 Alignments: Space 512K, Generation 512K, Heap 2M
 Heap Min Capacity: 100M
 Heap Initial Capacity: 100M
 Heap Max Capacity: 1G
 Pre-touch: Disabled
 Parallel Workers: 2

Heap:
 PSYoungGen      total 29696K, used 512K [0x00000000eab00000, 0x00000000ecc00000, 0x0000000100000000)
  eden space 25600K, 2% used [0x00000000eab00000,0x00000000eab80070,0x00000000ec400000)
  from space 4096K, 0% used [0x00000000ec800000,0x00000000ec800000,0x00000000ecc00000)
  to   space 4096K, 0% used [0x00000000ec400000,0x00000000ec400000,0x00000000ec800000)
 ParOldGen       total 68608K, used 0K [0x00000000c0000000, 0x00000000c4300000, 0x00000000eab00000)
  object space 68608K, 0% used [0x00000000c0000000,0x00000000c0000000,0x00000000c4300000)
 Metaspace       used 1149K, committed 1216K, reserved 1114112K
  class space    used 101K, committed 128K, reserved 1048576K

Card table byte_map: [0x0000023d181c0000,0x0000023d183d0000] _byte_map_base: 0x0000023d17bc0000

Marking Bits: (ParMarkBitMap*) 0x00007ffbf56783a0
 Begin Bits: [0x0000023d2a4a0000, 0x0000023d2b4a0000)
 End Bits:   [0x0000023d2b4a0000, 0x0000023d2c4a0000)

Polling page: 0x0000023d167c0000

Metaspace:

Usage:
  Non-class:      1.02 MB used.
      Class:    101.05 KB used.
       Both:      1.12 MB used.

Virtual space:
  Non-class space:       64.00 MB reserved,       1.06 MB (  2%) committed,  1 nodes.
      Class space:        1.00 GB reserved,     128.00 KB ( <1%) committed,  1 nodes.
             Both:        1.06 GB reserved,       1.19 MB ( <1%) committed. 

Chunk freelists:
   Non-Class:  12.00 MB
       Class:  15.75 MB
        Both:  27.75 MB

MaxMetaspaceSize: unlimited
CompressedClassSpaceSize: 1.00 GB
Initial GC threshold: 21.00 MB
Current GC threshold: 17179869184.00 GB
CDS: off
MetaspaceReclaimPolicy: balanced
 - commit_granule_bytes: 65536.
 - commit_granule_words: 8192.
 - virtual_space_node_default_size: 8388608.
 - enlarge_chunks_in_place: 1.
 - new_chunks_are_fully_committed: 0.
 - uncommit_free_chunks: 1.
 - use_allocation_guard: 0.
 - handle_deallocations: 1.


Internal statistics:

num_allocs_failed_limit: 0.
num_arena_births: 2.
num_arena_deaths: 0.
num_vsnodes_births: 2.
num_vsnodes_deaths: 0.
num_space_committed: 19.
num_space_uncommitted: 0.
num_chunks_returned_to_freelist: 0.
num_chunks_taken_from_freelist: 3.
num_chunk_merges: 0.
num_chunk_splits: 2.
num_chunks_enlarged: 0.
num_inconsistent_stats: 0.

CodeHeap 'non-profiled nmethods': size=120064Kb used=0Kb max_used=0Kb free=120064Kb
 bounds [0x0000023d22f60000, 0x0000023d231d0000, 0x0000023d2a4a0000]
CodeHeap 'profiled nmethods': size=120000Kb used=0Kb max_used=0Kb free=120000Kb
 bounds [0x0000023d1b4a0000, 0x0000023d1b710000, 0x0000023d229d0000]
CodeHeap 'non-nmethods': size=5696Kb used=199Kb max_used=352Kb free=5496Kb
 bounds [0x0000023d229d0000, 0x0000023d22c40000, 0x0000023d22f60000]
 total_blobs=65 nmethods=0 adapters=47
 compilation: enabled
              stopped_count=0, restarted_count=0
 full_count=0

Compilation events (0 events):
No events

GC Heap History (0 events):
No events

Dll operation events (1 events):
Event: 0.027 Loaded shared library c:\Users\riska\.vscode\extensions\redhat.java-1.23.0-win32-x64\jre\17.0.8.1-win32-x86_64\bin\java.dll

Deoptimization events (0 events):
No events

Classes unloaded (0 events):
No events

Classes redefined (0 events):
No events

Internal exceptions (0 events):
No events

VM Operations (0 events):
No events

Events (20 events):
Event: 0.099 loading class java/lang/Long
Event: 0.099 loading class java/lang/Long done
Event: 0.099 loading class java/util/Iterator
Event: 0.099 loading class java/util/Iterator done
Event: 0.099 loading class java/lang/reflect/RecordComponent
Event: 0.099 loading class java/lang/reflect/RecordComponent done
Event: 0.099 loading class jdk/internal/vm/vector/VectorSupport
Event: 0.099 loading class jdk/internal/vm/vector/VectorSupport done
Event: 0.099 loading class jdk/internal/vm/vector/VectorSupport$VectorPayload
Event: 0.099 loading class jdk/internal/vm/vector/VectorSupport$VectorPayload done
Event: 0.099 loading class jdk/internal/vm/vector/VectorSupport$Vector
Event: 0.099 loading class jdk/internal/vm/vector/VectorSupport$Vector done
Event: 0.099 loading class jdk/internal/vm/vector/VectorSupport$VectorMask
Event: 0.099 loading class jdk/internal/vm/vector/VectorSupport$VectorMask done
Event: 0.099 loading class jdk/internal/vm/vector/VectorSupport$VectorShuffle
Event: 0.100 loading class jdk/internal/vm/vector/VectorSupport$VectorShuffle done
Event: 0.102 loading class java/lang/NullPointerException
Event: 0.102 loading class java/lang/NullPointerException done
Event: 0.102 loading class java/lang/ArithmeticException
Event: 0.102 loading class java/lang/ArithmeticException done


Dynamic libraries:
0x00007ff6fc0f0000 - 0x00007ff6fc0fe000 	c:\Users\riska\.vscode\extensions\redhat.java-1.23.0-win32-x64\jre\17.0.8.1-win32-x86_64\bin\java.exe
0x00007ffc5fcf0000 - 0x00007ffc5ff04000 	C:\Windows\SYSTEM32\ntdll.dll
0x00007ffc5e6a0000 - 0x00007ffc5e764000 	C:\Windows\System32\KERNEL32.DLL
0x00007ffc5d510000 - 0x00007ffc5d8b4000 	C:\Windows\System32\KERNELBASE.dll
0x00007ffc5d1c0000 - 0x00007ffc5d2d1000 	C:\Windows\System32\ucrtbase.dll
0x00007ffc4e9d0000 - 0x00007ffc4e9e7000 	c:\Users\riska\.vscode\extensions\redhat.java-1.23.0-win32-x64\jre\17.0.8.1-win32-x86_64\bin\jli.dll
0x00007ffc5fa60000 - 0x00007ffc5fc0e000 	C:\Windows\System32\USER32.dll
0x00007ffc5d940000 - 0x00007ffc5d966000 	C:\Windows\System32\win32u.dll
0x00007ffc5f5e0000 - 0x00007ffc5f609000 	C:\Windows\System32\GDI32.dll
0x00007ffc5d0a0000 - 0x00007ffc5d1b8000 	C:\Windows\System32\gdi32full.dll
0x00007ffc5d970000 - 0x00007ffc5da0a000 	C:\Windows\System32\msvcp_win.dll
0x00007ffc4d6d0000 - 0x00007ffc4d6e9000 	c:\Users\riska\.vscode\extensions\redhat.java-1.23.0-win32-x64\jre\17.0.8.1-win32-x86_64\bin\VCRUNTIME140.dll
0x00007ffc460a0000 - 0x00007ffc46333000 	C:\Windows\WinSxS\amd64_microsoft.windows.common-controls_6595b64144ccf1df_6.0.22621.2215_none_270d72677387dfc3\COMCTL32.dll
0x00007ffc5e4d0000 - 0x00007ffc5e577000 	C:\Windows\System32\msvcrt.dll
0x00007ffc5f440000 - 0x00007ffc5f471000 	C:\Windows\System32\IMM32.DLL
0x00007ffc4fac0000 - 0x00007ffc4facc000 	c:\Users\riska\.vscode\extensions\redhat.java-1.23.0-win32-x64\jre\17.0.8.1-win32-x86_64\bin\vcruntime140_1.dll
0x00007ffc24480000 - 0x00007ffc24511000 	c:\Users\riska\.vscode\extensions\redhat.java-1.23.0-win32-x64\jre\17.0.8.1-win32-x86_64\bin\msvcp140.dll
0x00007ffbf4af0000 - 0x00007ffbf573c000 	c:\Users\riska\.vscode\extensions\redhat.java-1.23.0-win32-x64\jre\17.0.8.1-win32-x86_64\bin\server\jvm.dll
0x00007ffc5ef30000 - 0x00007ffc5efe0000 	C:\Windows\System32\ADVAPI32.dll
0x00007ffc5f610000 - 0x00007ffc5f6b6000 	C:\Windows\System32\sechost.dll
0x00007ffc5f0e0000 - 0x00007ffc5f1f7000 	C:\Windows\System32\RPCRT4.dll
0x00007ffc5cdc0000 - 0x00007ffc5ce0d000 	C:\Windows\SYSTEM32\POWRPROF.dll
0x00007ffc4e2b0000 - 0x00007ffc4e2b9000 	C:\Windows\SYSTEM32\WSOCK32.dll
0x00007ffc5e770000 - 0x00007ffc5e7e1000 	C:\Windows\System32\WS2_32.dll
0x00007ffc552e0000 - 0x00007ffc55314000 	C:\Windows\SYSTEM32\WINMM.dll
0x00007ffc56e00000 - 0x00007ffc56e0a000 	C:\Windows\SYSTEM32\VERSION.dll
0x00007ffc5cda0000 - 0x00007ffc5cdb3000 	C:\Windows\SYSTEM32\UMPDC.dll
0x00007ffc5c0f0000 - 0x00007ffc5c108000 	C:\Windows\SYSTEM32\kernel.appcore.dll
0x00007ffc4d7b0000 - 0x00007ffc4d7ba000 	c:\Users\riska\.vscode\extensions\redhat.java-1.23.0-win32-x64\jre\17.0.8.1-win32-x86_64\bin\jimage.dll
0x00007ffc5ab20000 - 0x00007ffc5ad4e000 	C:\Windows\SYSTEM32\DBGHELP.DLL
0x00007ffc5f6d0000 - 0x00007ffc5fa5a000 	C:\Windows\System32\combase.dll
0x00007ffc5f000000 - 0x00007ffc5f0d7000 	C:\Windows\System32\OLEAUT32.dll
0x00007ffc4fa80000 - 0x00007ffc4fab2000 	C:\Windows\SYSTEM32\dbgcore.DLL
0x00007ffc5d8c0000 - 0x00007ffc5d93a000 	C:\Windows\System32\bcryptPrimitives.dll
0x00007ffc4d470000 - 0x00007ffc4d47e000 	c:\Users\riska\.vscode\extensions\redhat.java-1.23.0-win32-x64\jre\17.0.8.1-win32-x86_64\bin\instrument.dll
0x00007ffc388a0000 - 0x00007ffc388c5000 	c:\Users\riska\.vscode\extensions\redhat.java-1.23.0-win32-x64\jre\17.0.8.1-win32-x86_64\bin\java.dll
0x00007ffc48c10000 - 0x00007ffc48c28000 	c:\Users\riska\.vscode\extensions\redhat.java-1.23.0-win32-x64\jre\17.0.8.1-win32-x86_64\bin\zip.dll

dbghelp: loaded successfully - version: 4.0.5 - missing functions: none
symbol engine: initialized successfully - sym options: 0x614 - pdb path: .;c:\Users\riska\.vscode\extensions\redhat.java-1.23.0-win32-x64\jre\17.0.8.1-win32-x86_64\bin;C:\Windows\SYSTEM32;C:\Windows\WinSxS\amd64_microsoft.windows.common-controls_6595b64144ccf1df_6.0.22621.2215_none_270d72677387dfc3;c:\Users\riska\.vscode\extensions\redhat.java-1.23.0-win32-x64\jre\17.0.8.1-win32-x86_64\bin\server

VM Arguments:
jvm_args: --add-modules=ALL-SYSTEM --add-opens=java.base/java.util=ALL-UNNAMED --add-opens=java.base/java.lang=ALL-UNNAMED --add-opens=java.base/sun.nio.fs=ALL-UNNAMED -Declipse.application=org.eclipse.jdt.ls.core.id1 -Dosgi.bundles.defaultStartLevel=4 -Declipse.product=org.eclipse.jdt.ls.core.product -Djava.import.generatesMetadataFilesAtProjectRoot=false -DDetectVMInstallationsJob.disabled=true -Dfile.encoding=utf8 -XX:+UseParallelGC -XX:GCTimeRatio=4 -XX:AdaptiveSizePolicyWeight=90 -Dsun.zip.disableMemoryMapping=true -Xmx1G -Xms100m -Xlog:disable -javaagent:c:\Users\riska\.vscode\extensions\redhat.java-1.23.0-win32-x64\lombok\lombok-1.18.30.jar 
java_command: c:\Users\riska\.vscode\extensions\redhat.java-1.23.0-win32-x64\server\plugins\org.eclipse.equinox.launcher_1.6.500.v20230717-2134.jar -configuration c:\Users\riska\AppData\Roaming\Code\User\globalStorage\redhat.java\1.23.0\config_ss_win -data c:\Users\riska\AppData\Roaming\Code\User\workspaceStorage\be6b49f38933a311cd9574f1a5c21e3b\redhat.java\ss_ws
java_class_path (initial): c:\Users\riska\.vscode\extensions\redhat.java-1.23.0-win32-x64\server\plugins\org.eclipse.equinox.launcher_1.6.500.v20230717-2134.jar
Launcher Type: SUN_STANDARD

[Global flags]
    uintx AdaptiveSizePolicyWeight                 = 90                                        {product} {command line}
     intx CICompilerCount                          = 2                                         {product} {ergonomic}
    uintx GCTimeRatio                              = 4                                         {product} {command line}
   size_t InitialHeapSize                          = 104857600                                 {product} {command line}
   size_t MaxHeapSize                              = 1073741824                                {product} {command line}
   size_t MaxNewSize                               = 357564416                                 {product} {ergonomic}
   size_t MinHeapDeltaBytes                        = 524288                                    {product} {ergonomic}
   size_t MinHeapSize                              = 104857600                                 {product} {command line}
   size_t NewSize                                  = 34603008                                  {product} {ergonomic}
    uintx NonNMethodCodeHeapSize                   = 5826188                                {pd product} {ergonomic}
    uintx NonProfiledCodeHeapSize                  = 122916026                              {pd product} {ergonomic}
   size_t OldSize                                  = 70254592                                  {product} {ergonomic}
    uintx ProfiledCodeHeapSize                     = 122916026                              {pd product} {ergonomic}
    uintx ReservedCodeCacheSize                    = 251658240                              {pd product} {ergonomic}
     bool SegmentedCodeCache                       = true                                      {product} {ergonomic}
   size_t SoftMaxHeapSize                          = 1073741824                             {manageable} {ergonomic}
     bool UseCompressedClassPointers               = true                           {product lp64_product} {ergonomic}
     bool UseCompressedOops                        = true                           {product lp64_product} {ergonomic}
     bool UseLargePagesIndividualAllocation        = false                                  {pd product} {ergonomic}
     bool UseParallelGC                            = true                                      {product} {command line}

Logging:
Log output configuration:
 #0: stdout all=off uptime,level,tags
 #1: stderr all=off uptime,level,tags

Environment Variables:
PATH=C:\Program Files\Common Files\Oracle\Java\javapath;C:\Windows\system32;C:\Windows;C:\Windows\System32\Wbem;C:\Windows\System32\WindowsPowerShell\v1.0\;C:\Windows\System32\OpenSSH\;C:\Program Files\Git\cmd;C:\Users\riska\AppData\Local\Microsoft\WindowsApps;;C:\Users\riska\AppData\Local\Programs\Microsoft VS Code\bin
USERNAME=riska
OS=Windows_NT
PROCESSOR_IDENTIFIER=Intel64 Family 6 Model 122 Stepping 8, GenuineIntel
TMP=C:\Users\riska\AppData\Local\Temp
TEMP=C:\Users\riska\AppData\Local\Temp



---------------  S Y S T E M  ---------------

OS:
 Windows 11 , 64 bit Build 22621 (10.0.22621.2215)
OS uptime: 7 days 10:08 hours

CPU: total 2 (initial active 2) (2 cores per cpu, 1 threads per core) family 6 model 122 stepping 8 microcode 0x18, cx8, cmov, fxsr, mmx, 3dnowpref, sse, sse2, sse3, ssse3, sse4.1, sse4.2, popcnt, tsc, tscinvbit, aes, erms, clmul, sha, clflush, clflushopt
Processor Information for all 2 processors :
  Max Mhz: 1101, Current Mhz: 1101, Mhz Limit: 1101

Memory: 4k page, system-wide physical 3918M (471M free)
TotalPageFile size 5966M (AvailPageFile size 4M)
current process WorkingSet (physical memory assigned to process): 16M, peak: 16M
current process commit charge ("private bytes"): 150M, peak: 151M

vm_info: OpenJDK 64-Bit Server VM (17.0.8.1+1) for windows-amd64 JRE (17.0.8.1+1), built on Aug 23 2023 15:29:17 by "admin" with MS VC++ 16.7 (VS2019)

END.
