#
# There is insufficient memory for the Java Runtime Environment to continue.
# Native memory allocation (malloc) failed to allocate 2167456 bytes for Chunk::new
# Possible reasons:
#   The system is out of physical RAM or swap space
#   The process is running with CompressedOops enabled, and the Java Heap may be blocking the growth of the native heap
# Possible solutions:
#   Reduce memory load on the system
#   Increase physical memory or swap space
#   Check if swap backing store is full
#   Decrease Java heap size (-Xmx/-Xms)
#   Decrease number of Java threads
#   Decrease Java thread stack sizes (-Xss)
#   Set larger code cache with -XX:ReservedCodeCacheSize=
#   JVM is running with Unscaled Compressed Oops mode in which the Java heap is
#     placed in the first 4GB address space. The Java Heap base address is the
#     maximum limit for the native heap growth. Please use -XX:HeapBaseMinAddress
#     to set the Java Heap base and to place the Java Heap above 4GB virtual address.
# This output file may be truncated or incomplete.
#
#  Out of Memory Error (arena.cpp:189), pid=14832, tid=8612
#
# JRE version: OpenJDK Runtime Environment Temurin-17.0.8.1+1 (17.0.8.1+1) (build 17.0.8.1+1)
# Java VM: OpenJDK 64-Bit Server VM Temurin-17.0.8.1+1 (17.0.8.1+1, mixed mode, tiered, compressed oops, compressed class ptrs, parallel gc, windows-amd64)
# No core dump will be written. Minidumps are not enabled by default on client versions of Windows
#

---------------  S U M M A R Y ------------

Command Line: --add-modules=ALL-SYSTEM --add-opens=java.base/java.util=ALL-UNNAMED --add-opens=java.base/java.lang=ALL-UNNAMED --add-opens=java.base/sun.nio.fs=ALL-UNNAMED -Declipse.application=org.eclipse.jdt.ls.core.id1 -Dosgi.bundles.defaultStartLevel=4 -Declipse.product=org.eclipse.jdt.ls.core.product -Djava.import.generatesMetadataFilesAtProjectRoot=false -DDetectVMInstallationsJob.disabled=true -Dfile.encoding=utf8 -XX:+UseParallelGC -XX:GCTimeRatio=4 -XX:AdaptiveSizePolicyWeight=90 -Dsun.zip.disableMemoryMapping=true -Xmx1G -Xms100m -Xlog:disable -javaagent:c:\Users\riska\.vscode\extensions\redhat.java-1.23.0-win32-x64\lombok\lombok-1.18.30.jar -XX:+HeapDumpOnOutOfMemoryError -XX:HeapDumpPath=c:\Users\riska\AppData\Roaming\Code\User\workspaceStorage\be6b49f38933a311cd9574f1a5c21e3b\redhat.java -Daether.dependencyCollector.impl=bf c:\Users\riska\.vscode\extensions\redhat.java-1.23.0-win32-x64\server\plugins\org.eclipse.equinox.launcher_1.6.500.v20230717-2134.jar -configuration c:\Users\riska\AppData\Roaming\Code\User\globalStorage\redhat.java\1.23.0\config_win -data c:\Users\riska\AppData\Roaming\Code\User\workspaceStorage\be6b49f38933a311cd9574f1a5c21e3b\redhat.java\jdt_ws

Host: Intel(R) Celeron(R) N4020 CPU @ 1.10GHz, 2 cores, 3G,  Windows 11 , 64 bit Build 22621 (10.0.22621.2215)
Time: Tue Oct 17 10:28:33 2023 Malay Peninsula Standard Time elapsed time: 415.449326 seconds (0d 0h 6m 55s)

---------------  T H R E A D  ---------------

Current thread (0x000001b49c17aca0):  JavaThread "C2 CompilerThread0" daemon [_thread_in_native, id=8612, stack(0x000000080a000000,0x000000080a100000)]


Current CompileTask:
C2: 415449 12178       4       org.eclipse.jdt.internal.compiler.lookup.LookupEnvironment::getTypeArgumentsFromSignature (89 bytes)

Stack: [0x000000080a000000,0x000000080a100000]
Native frames: (J=compiled Java code, j=interpreted, Vv=VM code, C=native code)
V  [jvm.dll+0x678b0a]
V  [jvm.dll+0x835e84]
V  [jvm.dll+0x83762e]
V  [jvm.dll+0x837c93]
V  [jvm.dll+0x24746f]
V  [jvm.dll+0xac20c]
V  [jvm.dll+0xac7dc]
V  [jvm.dll+0x365ca7]
V  [jvm.dll+0x1bd1f8]
V  [jvm.dll+0x219d49]
V  [jvm.dll+0x219011]
V  [jvm.dll+0x1a534d]
V  [jvm.dll+0x228d8a]
V  [jvm.dll+0x226dcc]
V  [jvm.dll+0x7ec09b]
V  [jvm.dll+0x7e64ca]
V  [jvm.dll+0x677955]
C  [ucrtbase.dll+0x29363]
C  [KERNEL32.DLL+0x1257d]
C  [ntdll.dll+0x5aa68]


---------------  P R O C E S S  ---------------

Threads class SMR info:
_java_thread_list=0x000001b4ac5db130, length=25, elements={
0x000001b488368e60, 0x000001b49c14c030, 0x000001b49c14d320, 0x000001b48841c220,
0x000001b48841cbf0, 0x000001b48841d6c0, 0x000001b48841e190, 0x000001b49c17aca0,
0x000001b49c1de3b0, 0x000001b49c1de8d0, 0x000001b4a108c250, 0x000001b4a1248820,
0x000001b4a1b1ea40, 0x000001b4a1adb850, 0x000001b4a1ace380, 0x000001b4a19f4a40,
0x000001b4a1353660, 0x000001b4a1352c40, 0x000001b4a1353150, 0x000001b4a1354080,
0x000001b4a3b97e30, 0x000001b4a3b99c90, 0x000001b4a3b9b5e0, 0x000001b4a3b9d440,
0x000001b4a3b97410
}

Java Threads: ( => current thread )
  0x000001b488368e60 JavaThread "main" [_thread_blocked, id=11500, stack(0x0000000809700000,0x0000000809800000)]
  0x000001b49c14c030 JavaThread "Reference Handler" daemon [_thread_blocked, id=11596, stack(0x0000000809a00000,0x0000000809b00000)]
  0x000001b49c14d320 JavaThread "Finalizer" daemon [_thread_blocked, id=8172, stack(0x0000000809b00000,0x0000000809c00000)]
  0x000001b48841c220 JavaThread "Signal Dispatcher" daemon [_thread_blocked, id=1100, stack(0x0000000809c00000,0x0000000809d00000)]
  0x000001b48841cbf0 JavaThread "Attach Listener" daemon [_thread_blocked, id=1812, stack(0x0000000809d00000,0x0000000809e00000)]
  0x000001b48841d6c0 JavaThread "Service Thread" daemon [_thread_blocked, id=11892, stack(0x0000000809e00000,0x0000000809f00000)]
  0x000001b48841e190 JavaThread "Monitor Deflation Thread" daemon [_thread_blocked, id=11364, stack(0x0000000809f00000,0x000000080a000000)]
=>0x000001b49c17aca0 JavaThread "C2 CompilerThread0" daemon [_thread_in_native, id=8612, stack(0x000000080a000000,0x000000080a100000)]
  0x000001b49c1de3b0 JavaThread "C1 CompilerThread0" daemon [_thread_blocked, id=12472, stack(0x000000080a100000,0x000000080a200000)]
  0x000001b49c1de8d0 JavaThread "Sweeper thread" daemon [_thread_blocked, id=12488, stack(0x000000080a200000,0x000000080a300000)]
  0x000001b4a108c250 JavaThread "Common-Cleaner" daemon [_thread_blocked, id=13880, stack(0x000000080a300000,0x000000080a400000)]
  0x000001b4a1248820 JavaThread "Notification Thread" daemon [_thread_blocked, id=8296, stack(0x000000080a400000,0x000000080a500000)]
  0x000001b4a1b1ea40 JavaThread "Active Thread: Equinox Container: 3254f022-f615-47f1-8810-89699d3edee7" [_thread_blocked, id=96, stack(0x000000080a700000,0x000000080a800000)]
  0x000001b4a1adb850 JavaThread "Framework Event Dispatcher: Equinox Container: 3254f022-f615-47f1-8810-89699d3edee7" daemon [_thread_blocked, id=3276, stack(0x000000080a800000,0x000000080a900000)]
  0x000001b4a1ace380 JavaThread "Start Level: Equinox Container: 3254f022-f615-47f1-8810-89699d3edee7" daemon [_thread_blocked, id=7392, stack(0x000000080a900000,0x000000080aa00000)]
  0x000001b4a19f4a40 JavaThread "Bundle File Closer" daemon [_thread_blocked, id=10428, stack(0x000000080aa00000,0x000000080ab00000)]
  0x000001b4a1353660 JavaThread "SCR Component Actor" daemon [_thread_blocked, id=14580, stack(0x000000080ab00000,0x000000080ac00000)]
  0x000001b4a1352c40 JavaThread "Worker-JM" [_thread_blocked, id=15584, stack(0x000000080ad00000,0x000000080ae00000)]
  0x000001b4a1353150 JavaThread "Worker-1" [_thread_blocked, id=13664, stack(0x000000080af00000,0x000000080b000000)]
  0x000001b4a1354080 JavaThread "Java indexing" daemon [_thread_blocked, id=11236, stack(0x000000080b200000,0x000000080b300000)]
  0x000001b4a3b97e30 JavaThread "JNA Cleaner" daemon [_thread_blocked, id=13992, stack(0x000000080b400000,0x000000080b500000)]
  0x000001b4a3b99c90 JavaThread "pool-2-thread-1" [_thread_blocked, id=15828, stack(0x000000080b500000,0x000000080b600000)]
  0x000001b4a3b9b5e0 JavaThread "WorkspaceEventsHandler" [_thread_blocked, id=13896, stack(0x000000080b600000,0x000000080b700000)]
  0x000001b4a3b9d440 JavaThread "pool-1-thread-1" [_thread_in_native, id=13872, stack(0x000000080b700000,0x000000080b800000)]
  0x000001b4a3b97410 JavaThread "Worker-6" [_thread_blocked, id=2832, stack(0x000000080ac00000,0x000000080ad00000)]

Other Threads:
  0x000001b49c134b10 VMThread "VM Thread" [stack: 0x0000000809900000,0x0000000809a00000] [id=11200]
  0x000001b4a12c4710 WatcherThread [stack: 0x000000080a500000,0x000000080a600000] [id=7504]
  0x000001b48837f750 GCTaskThread "GC Thread#0" [stack: 0x0000000809800000,0x0000000809900000] [id=16084]
  0x000001b4a137e120 GCTaskThread "GC Thread#1" [stack: 0x000000080a600000,0x000000080a700000] [id=16376]

Threads with active compile tasks:
C2 CompilerThread0   415495 12178       4       org.eclipse.jdt.internal.compiler.lookup.LookupEnvironment::getTypeArgumentsFromSignature (89 bytes)

VM state: not at safepoint (normal execution)

VM Mutex/Monitor currently owned by a thread: None

Heap address: 0x00000000c0000000, size: 1024 MB, Compressed Oops mode: 32-bit

CDS archive(s) not mapped
Compressed class space mapped at: 0x0000000100000000-0x0000000140000000, reserved size: 1073741824
Narrow klass base: 0x0000000000000000, Narrow klass shift: 3, Narrow klass range: 0x140000000

GC Precious Log:
 CPUs: 2 total, 2 available
 Memory: 3918M
 Large Page Support: Disabled
 NUMA Support: Disabled
 Compressed Oops: Enabled (32-bit)
 Alignments: Space 512K, Generation 512K, Heap 2M
 Heap Min Capacity: 100M
 Heap Initial Capacity: 100M
 Heap Max Capacity: 1G
 Pre-touch: Disabled
 Parallel Workers: 2

Heap:
 PSYoungGen      total 5632K, used 2108K [0x00000000eab00000, 0x00000000eb280000, 0x0000000100000000)
  eden space 3584K, 19% used [0x00000000eab00000,0x00000000eabab3c0,0x00000000eae80000)
  from space 2048K, 69% used [0x00000000eb080000,0x00000000eb1e4010,0x00000000eb280000)
  to   space 2048K, 0% used [0x00000000eae80000,0x00000000eae80000,0x00000000eb080000)
 ParOldGen       total 486912K, used 452701K [0x00000000c0000000, 0x00000000ddb80000, 0x00000000eab00000)
  object space 486912K, 92% used [0x00000000c0000000,0x00000000dba177a0,0x00000000ddb80000)
 Metaspace       used 75867K, committed 77120K, reserved 1179648K
  class space    used 7875K, committed 8448K, reserved 1048576K

Card table byte_map: [0x000001b487d30000,0x000001b487f40000] _byte_map_base: 0x000001b487730000

Marking Bits: (ParMarkBitMap*) 0x00007ffbf56783a0
 Begin Bits: [0x000001b499fe0000, 0x000001b49afe0000)
 End Bits:   [0x000001b49afe0000, 0x000001b49bfe0000)

Polling page: 0x000001b487b20000

Metaspace:

Usage:
  Non-class:     66.40 MB used.
      Class:      7.69 MB used.
       Both:     74.09 MB used.

Virtual space:
  Non-class space:      128.00 MB reserved,      67.06 MB ( 52%) committed,  2 nodes.
      Class space:        1.00 GB reserved,       8.25 MB ( <1%) committed,  1 nodes.
             Both:        1.12 GB reserved,      75.31 MB (  7%) committed. 

Chunk freelists:
   Non-Class:  12.05 MB
       Class:  7.64 MB
        Both:  19.69 MB

MaxMetaspaceSize: unlimited
CompressedClassSpaceSize: 1.00 GB
Initial GC threshold: 21.00 MB
Current GC threshold: 106.69 MB
CDS: off
MetaspaceReclaimPolicy: balanced
 - commit_granule_bytes: 65536.
 - commit_granule_words: 8192.
 - virtual_space_node_default_size: 8388608.
 - enlarge_chunks_in_place: 1.
 - new_chunks_are_fully_committed: 0.
 - uncommit_free_chunks: 1.
 - use_allocation_guard: 0.
 - handle_deallocations: 1.


Internal statistics:

num_allocs_failed_limit: 9.
num_arena_births: 752.
num_arena_deaths: 14.
num_vsnodes_births: 3.
num_vsnodes_deaths: 0.
num_space_committed: 1205.
num_space_uncommitted: 0.
num_chunks_returned_to_freelist: 23.
num_chunks_taken_from_freelist: 3966.
num_chunk_merges: 13.
num_chunk_splits: 2442.
num_chunks_enlarged: 1363.
num_inconsistent_stats: 0.

CodeHeap 'non-profiled nmethods': size=120064Kb used=7897Kb max_used=7897Kb free=112166Kb
 bounds [0x000001b492aa0000, 0x000001b493260000, 0x000001b499fe0000]
CodeHeap 'profiled nmethods': size=120000Kb used=21292Kb max_used=22054Kb free=98707Kb
 bounds [0x000001b48afe0000, 0x000001b48c570000, 0x000001b492510000]
CodeHeap 'non-nmethods': size=5696Kb used=1369Kb max_used=1443Kb free=4326Kb
 bounds [0x000001b492510000, 0x000001b492780000, 0x000001b492aa0000]
 total_blobs=10463 nmethods=9744 adapters=632
 compilation: enabled
              stopped_count=0, restarted_count=0
 full_count=0

Compilation events (20 events):
Event: 415.063 Thread 0x000001b49c17aca0 nmethod 12171 0x000001b493256010 code [0x000001b4932561a0, 0x000001b493256258]
Event: 415.083 Thread 0x000001b49c1de3b0 12175       3       org.eclipse.jdt.internal.compiler.lookup.MethodScope::checkAndSetModifiersForMethod (686 bytes)
Event: 415.086 Thread 0x000001b49c17aca0 12178       4       org.eclipse.jdt.internal.compiler.lookup.LookupEnvironment::getTypeArgumentsFromSignature (89 bytes)
Event: 415.087 Thread 0x000001b49c1de3b0 nmethod 12175 0x000001b48c3d5e90 code [0x000001b48c3d6360, 0x000001b48c3d9d38]
Event: 415.087 Thread 0x000001b49c1de3b0 12177       3       org.eclipse.jdt.internal.compiler.lookup.BinaryTypeBinding::isPreviewFeature (37 bytes)
Event: 415.087 Thread 0x000001b49c1de3b0 nmethod 12177 0x000001b48ba08590 code [0x000001b48ba08760, 0x000001b48ba08a28]
Event: 415.087 Thread 0x000001b49c1de3b0 12176       3       org.eclipse.jdt.internal.compiler.ast.Argument::getCorrespondingRecordComponentAnnotationsIfApplicable (123 bytes)
Event: 415.088 Thread 0x000001b49c1de3b0 nmethod 12176 0x000001b48c3d5210 code [0x000001b48c3d5420, 0x000001b48c3d5c18]
Event: 415.096 Thread 0x000001b49c1de3b0 12181       3       org.eclipse.jdt.internal.compiler.codegen.CharArrayCache::<init> (34 bytes)
Event: 415.096 Thread 0x000001b49c1de3b0 nmethod 12181 0x000001b48b31b190 code [0x000001b48b31b340, 0x000001b48b31b638]
Event: 415.097 Thread 0x000001b49c1de3b0 12182       3       org.eclipse.jdt.core.dom.DefaultBindingResolver::getDeclaringMember (241 bytes)
Event: 415.099 Thread 0x000001b49c1de3b0 nmethod 12182 0x000001b48bd34a10 code [0x000001b48bd34da0, 0x000001b48bd36a28]
Event: 415.273 Thread 0x000001b49c1de3b0 12183   !   3       lombok.eclipse.EclipseAST::$SWITCH_TABLE$lombok$core$AST$Kind (157 bytes)
Event: 415.273 Thread 0x000001b49c1de3b0 nmethod 12183 0x000001b48b31a610 code [0x000001b48b31a820, 0x000001b48b31aee8]
Event: 415.279 Thread 0x000001b49c1de3b0 12184       3       org.eclipse.jdt.internal.compiler.lookup.MethodBinding::<init> (16 bytes)
Event: 415.279 Thread 0x000001b49c1de3b0 nmethod 12184 0x000001b48ba08190 code [0x000001b48ba08340, 0x000001b48ba084a8]
Event: 415.296 Thread 0x000001b49c1de3b0 12185       3       org.eclipse.jdt.internal.compiler.ast.ConstructorDeclaration::isCanonicalConstructor (15 bytes)
Event: 415.296 Thread 0x000001b49c1de3b0 nmethod 12185 0x000001b48b31a290 code [0x000001b48b31a420, 0x000001b48b31a598]
Event: 415.301 Thread 0x000001b49c1de3b0 12186       1       org.eclipse.core.internal.jobs.InternalJob::setResult (6 bytes)
Event: 415.301 Thread 0x000001b49c1de3b0 nmethod 12186 0x000001b493256310 code [0x000001b4932564a0, 0x000001b493256578]

GC Heap History (20 events):
Event: 325.286 GC heap before
{Heap before GC invocations=314 (full 9):
 PSYoungGen      total 5120K, used 5079K [0x00000000eab00000, 0x00000000eb300000, 0x0000000100000000)
  eden space 3584K, 99% used [0x00000000eab00000,0x00000000eae7fff8,0x00000000eae80000)
  from space 1536K, 97% used [0x00000000eb180000,0x00000000eb2f5dd8,0x00000000eb300000)
  to   space 2048K, 0% used [0x00000000eaf00000,0x00000000eaf00000,0x00000000eb100000)
 ParOldGen       total 486912K, used 452135K [0x00000000c0000000, 0x00000000ddb80000, 0x00000000eab00000)
  object space 486912K, 92% used [0x00000000c0000000,0x00000000db989f78,0x00000000ddb80000)
 Metaspace       used 75655K, committed 76864K, reserved 1179648K
  class space    used 7875K, committed 8448K, reserved 1048576K
}
Event: 325.295 GC heap after
{Heap after GC invocations=314 (full 9):
 PSYoungGen      total 5632K, used 1575K [0x00000000eab00000, 0x00000000eb280000, 0x0000000100000000)
  eden space 3584K, 0% used [0x00000000eab00000,0x00000000eab00000,0x00000000eae80000)
  from space 2048K, 76% used [0x00000000eaf00000,0x00000000eb089dc8,0x00000000eb100000)
  to   space 1536K, 0% used [0x00000000eb100000,0x00000000eb100000,0x00000000eb280000)
 ParOldGen       total 486912K, used 452135K [0x00000000c0000000, 0x00000000ddb80000, 0x00000000eab00000)
  object space 486912K, 92% used [0x00000000c0000000,0x00000000db989f78,0x00000000ddb80000)
 Metaspace       used 75655K, committed 76864K, reserved 1179648K
  class space    used 7875K, committed 8448K, reserved 1048576K
}
Event: 325.474 GC heap before
{Heap before GC invocations=315 (full 9):
 PSYoungGen      total 5632K, used 5159K [0x00000000eab00000, 0x00000000eb280000, 0x0000000100000000)
  eden space 3584K, 99% used [0x00000000eab00000,0x00000000eae7fff8,0x00000000eae80000)
  from space 2048K, 76% used [0x00000000eaf00000,0x00000000eb089dc8,0x00000000eb100000)
  to   space 1536K, 0% used [0x00000000eb100000,0x00000000eb100000,0x00000000eb280000)
 ParOldGen       total 486912K, used 452135K [0x00000000c0000000, 0x00000000ddb80000, 0x00000000eab00000)
  object space 486912K, 92% used [0x00000000c0000000,0x00000000db989f78,0x00000000ddb80000)
 Metaspace       used 75655K, committed 76864K, reserved 1179648K
  class space    used 7875K, committed 8448K, reserved 1048576K
}
Event: 325.481 GC heap after
{Heap after GC invocations=315 (full 9):
 PSYoungGen      total 5120K, used 1511K [0x00000000eab00000, 0x00000000eb280000, 0x0000000100000000)
  eden space 3584K, 0% used [0x00000000eab00000,0x00000000eab00000,0x00000000eae80000)
  from space 1536K, 98% used [0x00000000eb100000,0x00000000eb279dc8,0x00000000eb280000)
  to   space 2048K, 0% used [0x00000000eae80000,0x00000000eae80000,0x00000000eb080000)
 ParOldGen       total 486912K, used 452335K [0x00000000c0000000, 0x00000000ddb80000, 0x00000000eab00000)
  object space 486912K, 92% used [0x00000000c0000000,0x00000000db9bbf98,0x00000000ddb80000)
 Metaspace       used 75655K, committed 76864K, reserved 1179648K
  class space    used 7875K, committed 8448K, reserved 1048576K
}
Event: 325.918 GC heap before
{Heap before GC invocations=316 (full 9):
 PSYoungGen      total 5120K, used 5095K [0x00000000eab00000, 0x00000000eb280000, 0x0000000100000000)
  eden space 3584K, 100% used [0x00000000eab00000,0x00000000eae80000,0x00000000eae80000)
  from space 1536K, 98% used [0x00000000eb100000,0x00000000eb279dc8,0x00000000eb280000)
  to   space 2048K, 0% used [0x00000000eae80000,0x00000000eae80000,0x00000000eb080000)
 ParOldGen       total 486912K, used 452335K [0x00000000c0000000, 0x00000000ddb80000, 0x00000000eab00000)
  object space 486912K, 92% used [0x00000000c0000000,0x00000000db9bbf98,0x00000000ddb80000)
 Metaspace       used 75713K, committed 76864K, reserved 1179648K
  class space    used 7875K, committed 8448K, reserved 1048576K
}
Event: 325.926 GC heap after
{Heap after GC invocations=316 (full 9):
 PSYoungGen      total 5632K, used 1575K [0x00000000eab00000, 0x00000000eb280000, 0x0000000100000000)
  eden space 3584K, 0% used [0x00000000eab00000,0x00000000eab00000,0x00000000eae80000)
  from space 2048K, 76% used [0x00000000eae80000,0x00000000eb009dc8,0x00000000eb080000)
  to   space 2048K, 0% used [0x00000000eb080000,0x00000000eb080000,0x00000000eb280000)
 ParOldGen       total 486912K, used 452510K [0x00000000c0000000, 0x00000000ddb80000, 0x00000000eab00000)
  object space 486912K, 92% used [0x00000000c0000000,0x00000000db9e79d8,0x00000000ddb80000)
 Metaspace       used 75713K, committed 76864K, reserved 1179648K
  class space    used 7875K, committed 8448K, reserved 1048576K
}
Event: 339.831 GC heap before
{Heap before GC invocations=317 (full 9):
 PSYoungGen      total 5632K, used 5159K [0x00000000eab00000, 0x00000000eb280000, 0x0000000100000000)
  eden space 3584K, 100% used [0x00000000eab00000,0x00000000eae80000,0x00000000eae80000)
  from space 2048K, 76% used [0x00000000eae80000,0x00000000eb009dc8,0x00000000eb080000)
  to   space 2048K, 0% used [0x00000000eb080000,0x00000000eb080000,0x00000000eb280000)
 ParOldGen       total 486912K, used 452510K [0x00000000c0000000, 0x00000000ddb80000, 0x00000000eab00000)
  object space 486912K, 92% used [0x00000000c0000000,0x00000000db9e79d8,0x00000000ddb80000)
 Metaspace       used 75720K, committed 76928K, reserved 1179648K
  class space    used 7875K, committed 8448K, reserved 1048576K
}
Event: 339.838 GC heap after
{Heap after GC invocations=317 (full 9):
 PSYoungGen      total 5632K, used 1783K [0x00000000eab00000, 0x00000000eb280000, 0x0000000100000000)
  eden space 3584K, 0% used [0x00000000eab00000,0x00000000eab00000,0x00000000eae80000)
  from space 2048K, 87% used [0x00000000eb080000,0x00000000eb23ddd8,0x00000000eb280000)
  to   space 2048K, 0% used [0x00000000eae80000,0x00000000eae80000,0x00000000eb080000)
 ParOldGen       total 486912K, used 452510K [0x00000000c0000000, 0x00000000ddb80000, 0x00000000eab00000)
  object space 486912K, 92% used [0x00000000c0000000,0x00000000db9e79d8,0x00000000ddb80000)
 Metaspace       used 75720K, committed 76928K, reserved 1179648K
  class space    used 7875K, committed 8448K, reserved 1048576K
}
Event: 340.025 GC heap before
{Heap before GC invocations=318 (full 9):
 PSYoungGen      total 5632K, used 5367K [0x00000000eab00000, 0x00000000eb280000, 0x0000000100000000)
  eden space 3584K, 99% used [0x00000000eab00000,0x00000000eae7ffb8,0x00000000eae80000)
  from space 2048K, 87% used [0x00000000eb080000,0x00000000eb23ddd8,0x00000000eb280000)
  to   space 2048K, 0% used [0x00000000eae80000,0x00000000eae80000,0x00000000eb080000)
 ParOldGen       total 486912K, used 452510K [0x00000000c0000000, 0x00000000ddb80000, 0x00000000eab00000)
  object space 486912K, 92% used [0x00000000c0000000,0x00000000db9e79d8,0x00000000ddb80000)
 Metaspace       used 75724K, committed 76992K, reserved 1179648K
  class space    used 7875K, committed 8448K, reserved 1048576K
}
Event: 340.034 GC heap after
{Heap after GC invocations=318 (full 9):
 PSYoungGen      total 5632K, used 1879K [0x00000000eab00000, 0x00000000eb280000, 0x0000000100000000)
  eden space 3584K, 0% used [0x00000000eab00000,0x00000000eab00000,0x00000000eae80000)
  from space 2048K, 91% used [0x00000000eae80000,0x00000000eb055dd8,0x00000000eb080000)
  to   space 2048K, 0% used [0x00000000eb080000,0x00000000eb080000,0x00000000eb280000)
 ParOldGen       total 486912K, used 452518K [0x00000000c0000000, 0x00000000ddb80000, 0x00000000eab00000)
  object space 486912K, 92% used [0x00000000c0000000,0x00000000db9e99d8,0x00000000ddb80000)
 Metaspace       used 75724K, committed 76992K, reserved 1179648K
  class space    used 7875K, committed 8448K, reserved 1048576K
}
Event: 411.074 GC heap before
{Heap before GC invocations=319 (full 9):
 PSYoungGen      total 5632K, used 5463K [0x00000000eab00000, 0x00000000eb280000, 0x0000000100000000)
  eden space 3584K, 100% used [0x00000000eab00000,0x00000000eae80000,0x00000000eae80000)
  from space 2048K, 91% used [0x00000000eae80000,0x00000000eb055dd8,0x00000000eb080000)
  to   space 2048K, 0% used [0x00000000eb080000,0x00000000eb080000,0x00000000eb280000)
 ParOldGen       total 486912K, used 452518K [0x00000000c0000000, 0x00000000ddb80000, 0x00000000eab00000)
  object space 486912K, 92% used [0x00000000c0000000,0x00000000db9e99d8,0x00000000ddb80000)
 Metaspace       used 75810K, committed 77056K, reserved 1179648K
  class space    used 7875K, committed 8448K, reserved 1048576K
}
Event: 411.091 GC heap after
{Heap after GC invocations=319 (full 9):
 PSYoungGen      total 5632K, used 1575K [0x00000000eab00000, 0x00000000eb280000, 0x0000000100000000)
  eden space 3584K, 0% used [0x00000000eab00000,0x00000000eab00000,0x00000000eae80000)
  from space 2048K, 76% used [0x00000000eb080000,0x00000000eb209dc8,0x00000000eb280000)
  to   space 2048K, 0% used [0x00000000eae80000,0x00000000eae80000,0x00000000eb080000)
 ParOldGen       total 486912K, used 452526K [0x00000000c0000000, 0x00000000ddb80000, 0x00000000eab00000)
  object space 486912K, 92% used [0x00000000c0000000,0x00000000db9eb9d8,0x00000000ddb80000)
 Metaspace       used 75810K, committed 77056K, reserved 1179648K
  class space    used 7875K, committed 8448K, reserved 1048576K
}
Event: 411.238 GC heap before
{Heap before GC invocations=320 (full 9):
 PSYoungGen      total 5632K, used 5159K [0x00000000eab00000, 0x00000000eb280000, 0x0000000100000000)
  eden space 3584K, 100% used [0x00000000eab00000,0x00000000eae80000,0x00000000eae80000)
  from space 2048K, 76% used [0x00000000eb080000,0x00000000eb209dc8,0x00000000eb280000)
  to   space 2048K, 0% used [0x00000000eae80000,0x00000000eae80000,0x00000000eb080000)
 ParOldGen       total 486912K, used 452526K [0x00000000c0000000, 0x00000000ddb80000, 0x00000000eab00000)
  object space 486912K, 92% used [0x00000000c0000000,0x00000000db9eb9d8,0x00000000ddb80000)
 Metaspace       used 75815K, committed 77056K, reserved 1179648K
  class space    used 7875K, committed 8448K, reserved 1048576K
}
Event: 411.247 GC heap after
{Heap after GC invocations=320 (full 9):
 PSYoungGen      total 5632K, used 1847K [0x00000000eab00000, 0x00000000eb280000, 0x0000000100000000)
  eden space 3584K, 0% used [0x00000000eab00000,0x00000000eab00000,0x00000000eae80000)
  from space 2048K, 90% used [0x00000000eae80000,0x00000000eb04ddd8,0x00000000eb080000)
  to   space 2048K, 0% used [0x00000000eb080000,0x00000000eb080000,0x00000000eb280000)
 ParOldGen       total 486912K, used 452526K [0x00000000c0000000, 0x00000000ddb80000, 0x00000000eab00000)
  object space 486912K, 92% used [0x00000000c0000000,0x00000000db9eb9d8,0x00000000ddb80000)
 Metaspace       used 75815K, committed 77056K, reserved 1179648K
  class space    used 7875K, committed 8448K, reserved 1048576K
}
Event: 414.951 GC heap before
{Heap before GC invocations=321 (full 9):
 PSYoungGen      total 5632K, used 5428K [0x00000000eab00000, 0x00000000eb280000, 0x0000000100000000)
  eden space 3584K, 99% used [0x00000000eab00000,0x00000000eae7f5b8,0x00000000eae80000)
  from space 2048K, 90% used [0x00000000eae80000,0x00000000eb04ddd8,0x00000000eb080000)
  to   space 2048K, 0% used [0x00000000eb080000,0x00000000eb080000,0x00000000eb280000)
 ParOldGen       total 486912K, used 452526K [0x00000000c0000000, 0x00000000ddb80000, 0x00000000eab00000)
  object space 486912K, 92% used [0x00000000c0000000,0x00000000db9eb9d8,0x00000000ddb80000)
 Metaspace       used 75834K, committed 77056K, reserved 1179648K
  class space    used 7875K, committed 8448K, reserved 1048576K
}
Event: 414.960 GC heap after
{Heap after GC invocations=321 (full 9):
 PSYoungGen      total 5632K, used 1575K [0x00000000eab00000, 0x00000000eb280000, 0x0000000100000000)
  eden space 3584K, 0% used [0x00000000eab00000,0x00000000eab00000,0x00000000eae80000)
  from space 2048K, 76% used [0x00000000eb080000,0x00000000eb209dc8,0x00000000eb280000)
  to   space 2048K, 0% used [0x00000000eae80000,0x00000000eae80000,0x00000000eb080000)
 ParOldGen       total 486912K, used 452526K [0x00000000c0000000, 0x00000000ddb80000, 0x00000000eab00000)
  object space 486912K, 92% used [0x00000000c0000000,0x00000000db9eb9d8,0x00000000ddb80000)
 Metaspace       used 75834K, committed 77056K, reserved 1179648K
  class space    used 7875K, committed 8448K, reserved 1048576K
}
Event: 415.071 GC heap before
{Heap before GC invocations=322 (full 9):
 PSYoungGen      total 5632K, used 5159K [0x00000000eab00000, 0x00000000eb280000, 0x0000000100000000)
  eden space 3584K, 100% used [0x00000000eab00000,0x00000000eae80000,0x00000000eae80000)
  from space 2048K, 76% used [0x00000000eb080000,0x00000000eb209dc8,0x00000000eb280000)
  to   space 2048K, 0% used [0x00000000eae80000,0x00000000eae80000,0x00000000eb080000)
 ParOldGen       total 486912K, used 452526K [0x00000000c0000000, 0x00000000ddb80000, 0x00000000eab00000)
  object space 486912K, 92% used [0x00000000c0000000,0x00000000db9eb9d8,0x00000000ddb80000)
 Metaspace       used 75866K, committed 77120K, reserved 1179648K
  class space    used 7875K, committed 8448K, reserved 1048576K
}
Event: 415.080 GC heap after
{Heap after GC invocations=322 (full 9):
 PSYoungGen      total 5632K, used 1863K [0x00000000eab00000, 0x00000000eb280000, 0x0000000100000000)
  eden space 3584K, 0% used [0x00000000eab00000,0x00000000eab00000,0x00000000eae80000)
  from space 2048K, 90% used [0x00000000eae80000,0x00000000eb051dc8,0x00000000eb080000)
  to   space 2048K, 0% used [0x00000000eb080000,0x00000000eb080000,0x00000000eb280000)
 ParOldGen       total 486912K, used 452526K [0x00000000c0000000, 0x00000000ddb80000, 0x00000000eab00000)
  object space 486912K, 92% used [0x00000000c0000000,0x00000000db9eb9d8,0x00000000ddb80000)
 Metaspace       used 75866K, committed 77120K, reserved 1179648K
  class space    used 7875K, committed 8448K, reserved 1048576K
}
Event: 415.283 GC heap before
{Heap before GC invocations=323 (full 9):
 PSYoungGen      total 5632K, used 5447K [0x00000000eab00000, 0x00000000eb280000, 0x0000000100000000)
  eden space 3584K, 100% used [0x00000000eab00000,0x00000000eae80000,0x00000000eae80000)
  from space 2048K, 90% used [0x00000000eae80000,0x00000000eb051dc8,0x00000000eb080000)
  to   space 2048K, 0% used [0x00000000eb080000,0x00000000eb080000,0x00000000eb280000)
 ParOldGen       total 486912K, used 452526K [0x00000000c0000000, 0x00000000ddb80000, 0x00000000eab00000)
  object space 486912K, 92% used [0x00000000c0000000,0x00000000db9eb9d8,0x00000000ddb80000)
 Metaspace       used 75867K, committed 77120K, reserved 1179648K
  class space    used 7875K, committed 8448K, reserved 1048576K
}
Event: 415.292 GC heap after
{Heap after GC invocations=323 (full 9):
 PSYoungGen      total 5632K, used 1424K [0x00000000eab00000, 0x00000000eb280000, 0x0000000100000000)
  eden space 3584K, 0% used [0x00000000eab00000,0x00000000eab00000,0x00000000eae80000)
  from space 2048K, 69% used [0x00000000eb080000,0x00000000eb1e4010,0x00000000eb280000)
  to   space 2048K, 0% used [0x00000000eae80000,0x00000000eae80000,0x00000000eb080000)
 ParOldGen       total 486912K, used 452701K [0x00000000c0000000, 0x00000000ddb80000, 0x00000000eab00000)
  object space 486912K, 92% used [0x00000000c0000000,0x00000000dba177a0,0x00000000ddb80000)
 Metaspace       used 75867K, committed 77120K, reserved 1179648K
  class space    used 7875K, committed 8448K, reserved 1048576K
}

Dll operation events (10 events):
Event: 0.015 Loaded shared library c:\Users\riska\.vscode\extensions\redhat.java-1.23.0-win32-x64\jre\17.0.8.1-win32-x86_64\bin\java.dll
Event: 0.520 Loaded shared library c:\Users\riska\.vscode\extensions\redhat.java-1.23.0-win32-x64\jre\17.0.8.1-win32-x86_64\bin\zip.dll
Event: 0.526 Loaded shared library C:\Users\riska\.vscode\extensions\redhat.java-1.23.0-win32-x64\jre\17.0.8.1-win32-x86_64\bin\instrument.dll
Event: 0.565 Loaded shared library C:\Users\riska\.vscode\extensions\redhat.java-1.23.0-win32-x64\jre\17.0.8.1-win32-x86_64\bin\net.dll
Event: 0.568 Loaded shared library C:\Users\riska\.vscode\extensions\redhat.java-1.23.0-win32-x64\jre\17.0.8.1-win32-x86_64\bin\nio.dll
Event: 0.578 Loaded shared library C:\Users\riska\.vscode\extensions\redhat.java-1.23.0-win32-x64\jre\17.0.8.1-win32-x86_64\bin\zip.dll
Event: 0.669 Loaded shared library C:\Users\riska\.vscode\extensions\redhat.java-1.23.0-win32-x64\jre\17.0.8.1-win32-x86_64\bin\jimage.dll
Event: 0.981 Loaded shared library c:\Users\riska\.vscode\extensions\redhat.java-1.23.0-win32-x64\jre\17.0.8.1-win32-x86_64\bin\verify.dll
Event: 4.885 Loaded shared library C:\Users\riska\AppData\Roaming\Code\User\globalStorage\redhat.java\1.23.0\config_win\org.eclipse.equinox.launcher\org.eclipse.equinox.launcher.win32.win32.x86_64_1.2.700.v20221108-1024\eclipse_11801.dll
Event: 18.037 Loaded shared library C:\Users\riska\AppData\Local\Temp\jna-108523378\jna12866442603984028901.dll

Deoptimization events (20 events):
Event: 325.482 Thread 0x000001b4a13554c0 DEOPT PACKING pc=0x000001b493222078 sp=0x000000080aefe7d0
Event: 325.482 Thread 0x000001b4a13554c0 DEOPT UNPACKING pc=0x000001b49256669d sp=0x000000080aefe760 mode 2
Event: 325.482 Thread 0x000001b4a13554c0 Uncommon trap: trap_request=0xffffffde fr.pc=0x000001b4932220b8 relative=0x00000000000005d8
Event: 325.482 Thread 0x000001b4a13554c0 Uncommon trap: reason=class_check action=maybe_recompile pc=0x000001b4932220b8 method=org.eclipse.jdt.internal.compiler.parser.Parser.consumeRule(I)V @ 4327 c2
Event: 325.482 Thread 0x000001b4a13554c0 DEOPT PACKING pc=0x000001b4932220b8 sp=0x000000080aefe7d0
Event: 325.482 Thread 0x000001b4a13554c0 DEOPT UNPACKING pc=0x000001b49256669d sp=0x000000080aefe760 mode 2
Event: 325.482 Thread 0x000001b4a13554c0 Uncommon trap: trap_request=0xffffffde fr.pc=0x000001b493222108 relative=0x0000000000000628
Event: 325.482 Thread 0x000001b4a13554c0 Uncommon trap: reason=class_check action=maybe_recompile pc=0x000001b493222108 method=org.eclipse.jdt.internal.compiler.parser.Parser.consumeRule(I)V @ 4306 c2
Event: 325.482 Thread 0x000001b4a13554c0 DEOPT PACKING pc=0x000001b493222108 sp=0x000000080aefe7d0
Event: 325.482 Thread 0x000001b4a13554c0 DEOPT UNPACKING pc=0x000001b49256669d sp=0x000000080aefe760 mode 2
Event: 325.490 Thread 0x000001b4a13554c0 Uncommon trap: trap_request=0xffffffde fr.pc=0x000001b4932220e0 relative=0x0000000000000600
Event: 325.490 Thread 0x000001b4a13554c0 Uncommon trap: reason=class_check action=maybe_recompile pc=0x000001b4932220e0 method=org.eclipse.jdt.internal.compiler.parser.Parser.consumeRule(I)V @ 4320 c2
Event: 325.490 Thread 0x000001b4a13554c0 DEOPT PACKING pc=0x000001b4932220e0 sp=0x000000080aefe7d0
Event: 325.490 Thread 0x000001b4a13554c0 DEOPT UNPACKING pc=0x000001b49256669d sp=0x000000080aefe760 mode 2
Event: 411.073 Thread 0x000001b4a3b99780 DEOPT PACKING pc=0x000001b48bebf0a8 sp=0x00000008095fda90
Event: 411.073 Thread 0x000001b4a3b99780 DEOPT UNPACKING pc=0x000001b492566e24 sp=0x00000008095fcfa8 mode 0
Event: 415.067 Thread 0x000001b4a3b9c510 Uncommon trap: trap_request=0xffffff45 fr.pc=0x000001b4930791ac relative=0x000000000000042c
Event: 415.067 Thread 0x000001b4a3b9c510 Uncommon trap: reason=unstable_if action=reinterpret pc=0x000001b4930791ac method=java.util.concurrent.locks.ReentrantReadWriteLock$Sync.tryAcquireShared(I)I @ 55 c2
Event: 415.067 Thread 0x000001b4a3b9c510 DEOPT PACKING pc=0x000001b4930791ac sp=0x00000008095fe090
Event: 415.067 Thread 0x000001b4a3b9c510 DEOPT UNPACKING pc=0x000001b49256669d sp=0x00000008095fde80 mode 2

Classes unloaded (7 events):
Event: 14.868 Thread 0x000001b49c134b10 Unloading class 0x0000000100254000 'java/lang/invoke/LambdaForm$MH+0x0000000100254000'
Event: 14.868 Thread 0x000001b49c134b10 Unloading class 0x0000000100253c00 'java/lang/invoke/LambdaForm$MH+0x0000000100253c00'
Event: 14.868 Thread 0x000001b49c134b10 Unloading class 0x0000000100253800 'java/lang/invoke/LambdaForm$MH+0x0000000100253800'
Event: 14.868 Thread 0x000001b49c134b10 Unloading class 0x0000000100253400 'java/lang/invoke/LambdaForm$MH+0x0000000100253400'
Event: 14.868 Thread 0x000001b49c134b10 Unloading class 0x0000000100253000 'java/lang/invoke/LambdaForm$BMH+0x0000000100253000'
Event: 14.868 Thread 0x000001b49c134b10 Unloading class 0x0000000100252c00 'java/lang/invoke/LambdaForm$DMH+0x0000000100252c00'
Event: 14.868 Thread 0x000001b49c134b10 Unloading class 0x0000000100250000 'java/lang/invoke/LambdaForm$DMH+0x0000000100250000'

Classes redefined (0 events):
No events

Internal exceptions (20 events):
Event: 289.939 Thread 0x000001b4a3b98340 Exception <a 'java/lang/ArrayIndexOutOfBoundsException'{0x00000000eac29708}> (0x00000000eac29708) 
thrown [s\src\hotspot\share\runtime\sharedRuntime.cpp, line 628]
Event: 299.030 Thread 0x000001b4a3b9ca20 Exception <a 'java/lang/ArrayIndexOutOfBoundsException'{0x00000000eab48af8}> (0x00000000eab48af8) 
thrown [s\src\hotspot\share\runtime\sharedRuntime.cpp, line 628]
Event: 300.852 Thread 0x000001b4a3b9d440 Exception <a 'java/lang/ArrayIndexOutOfBoundsException'{0x00000000eab57ec8}> (0x00000000eab57ec8) 
thrown [s\src\hotspot\share\runtime\sharedRuntime.cpp, line 628]
Event: 300.902 Thread 0x000001b4a3b9d440 Exception <a 'java/lang/ArrayIndexOutOfBoundsException'{0x00000000eab4c870}> (0x00000000eab4c870) 
thrown [s\src\hotspot\share\runtime\sharedRuntime.cpp, line 628]
Event: 300.902 Thread 0x000001b4a3b9d440 Exception <a 'java/lang/ArrayIndexOutOfBoundsException'{0x00000000eab4df28}> (0x00000000eab4df28) 
thrown [s\src\hotspot\share\runtime\sharedRuntime.cpp, line 628]
Event: 300.902 Thread 0x000001b4a3b9d440 Exception <a 'java/lang/ArrayIndexOutOfBoundsException'{0x00000000eab4e7d0}> (0x00000000eab4e7d0) 
thrown [s\src\hotspot\share\runtime\sharedRuntime.cpp, line 628]
Event: 301.396 Thread 0x000001b4a3b9d950 Exception <a 'java/lang/ArrayIndexOutOfBoundsException'{0x00000000eac862a0}> (0x00000000eac862a0) 
thrown [s\src\hotspot\share\runtime\sharedRuntime.cpp, line 628]
Event: 301.953 Thread 0x000001b4a3b98340 Exception <a 'java/lang/ArrayIndexOutOfBoundsException'{0x00000000eabec348}> (0x00000000eabec348) 
thrown [s\src\hotspot\share\runtime\sharedRuntime.cpp, line 628]
Event: 304.475 Thread 0x000001b4a3b9d440 Exception <a 'java/lang/ArrayIndexOutOfBoundsException'{0x00000000ead5bdb8}> (0x00000000ead5bdb8) 
thrown [s\src\hotspot\share\runtime\sharedRuntime.cpp, line 628]
Event: 304.750 Thread 0x000001b4a3b9ca20 Exception <a 'java/lang/ArrayIndexOutOfBoundsException'{0x00000000eac373b0}> (0x00000000eac373b0) 
thrown [s\src\hotspot\share\runtime\sharedRuntime.cpp, line 628]
Event: 305.569 Thread 0x000001b4a3b9d440 Exception <a 'java/lang/ArrayIndexOutOfBoundsException'{0x00000000ead51ce0}> (0x00000000ead51ce0) 
thrown [s\src\hotspot\share\runtime\sharedRuntime.cpp, line 628]
Event: 305.742 Thread 0x000001b4a3b9d440 Implicit null exception at 0x000001b49319dda6 to 0x000001b49319ddcf
Event: 305.998 Thread 0x000001b4a3b9d440 Implicit null exception at 0x000001b4931ddb32 to 0x000001b4931e1440
Event: 306.829 Thread 0x000001b4a3b9d440 Implicit null exception at 0x000001b492c7842c to 0x000001b492c7848c
Event: 307.555 Thread 0x000001b4a3b9b0d0 Exception <a 'java/lang/ArrayIndexOutOfBoundsException'{0x00000000ead5cc48}> (0x00000000ead5cc48) 
thrown [s\src\hotspot\share\runtime\sharedRuntime.cpp, line 628]
Event: 313.086 Thread 0x000001b4a13554c0 Implicit null exception at 0x000001b492d86658 to 0x000001b492d8699c
Event: 313.129 Thread 0x000001b4a13554c0 Exception <a 'java/lang/NoSuchMethodError'{0x00000000eac8b668}: 'java.lang.Object java.lang.invoke.DirectMethodHandle$Holder.newInvokeSpecial(java.lang.Object, java.lang.Object, java.lang.Object, java.lang.Object, java.lang.Object, java.lang.Object, java.lang.Object, java.lang.Object)'> (0x00000000eac8b668) 
thrown [s\src\hotspot\share\interpreter\linkResolver.cpp, line 759]
Event: 313.129 Thread 0x000001b4a13554c0 Exception <a 'java/lang/NoSuchMethodError'{0x00000000eac90990}: 'java.lang.Object java.lang.invoke.DirectMethodHandle$Holder.invokeSpecial(java.lang.Object, java.lang.Object, java.lang.Object, java.lang.Object, java.lang.Object, java.lang.Object, java.lang.Object, java.lang.Object, java.lang.Object)'> (0x00000000eac90990) 
thrown [s\src\hotspot\share\interpreter\linkResolver.cpp, line 759]
Event: 313.130 Thread 0x000001b4a13554c0 Exception <a 'java/lang/NoSuchMethodError'{0x00000000eac94ae8}: 'java.lang.Object java.lang.invoke.Invokers$Holder.linkToTargetMethod(java.lang.Object, java.lang.Object, java.lang.Object, java.lang.Object, java.lang.Object, java.lang.Object, java.lang.Object, java.lang.Object)'> (0x00000000eac94ae8) 
thrown [s\src\hotspot\share\interpreter\linkResolver.cpp, line 759]
Event: 315.922 Thread 0x000001b4a3b99780 Exception <a 'java/lang/ArrayIndexOutOfBoundsException'{0x00000000ead099b0}> (0x00000000ead099b0) 
thrown [s\src\hotspot\share\runtime\sharedRuntime.cpp, line 628]

VM Operations (20 events):
Event: 325.473 Executing VM operation: ParallelGCFailedAllocation
Event: 325.481 Executing VM operation: ParallelGCFailedAllocation done
Event: 325.918 Executing VM operation: ParallelGCFailedAllocation
Event: 325.926 Executing VM operation: ParallelGCFailedAllocation done
Event: 339.831 Executing VM operation: ParallelGCFailedAllocation
Event: 339.838 Executing VM operation: ParallelGCFailedAllocation done
Event: 340.025 Executing VM operation: ParallelGCFailedAllocation
Event: 340.034 Executing VM operation: ParallelGCFailedAllocation done
Event: 360.833 Executing VM operation: HandshakeAllThreads
Event: 360.833 Executing VM operation: HandshakeAllThreads done
Event: 411.074 Executing VM operation: ParallelGCFailedAllocation
Event: 411.091 Executing VM operation: ParallelGCFailedAllocation done
Event: 411.238 Executing VM operation: ParallelGCFailedAllocation
Event: 411.247 Executing VM operation: ParallelGCFailedAllocation done
Event: 414.951 Executing VM operation: ParallelGCFailedAllocation
Event: 414.960 Executing VM operation: ParallelGCFailedAllocation done
Event: 415.071 Executing VM operation: ParallelGCFailedAllocation
Event: 415.080 Executing VM operation: ParallelGCFailedAllocation done
Event: 415.283 Executing VM operation: ParallelGCFailedAllocation
Event: 415.292 Executing VM operation: ParallelGCFailedAllocation done

Events (20 events):
Event: 411.134 Thread 0x000001b4a3b9cf30 Thread exited: 0x000001b4a3b9cf30
Event: 411.137 Thread 0x000001b4a3b99270 Thread exited: 0x000001b4a3b99270
Event: 411.164 Thread 0x000001b4a3b9c510 Thread added: 0x000001b4a3b9c510
Event: 411.168 Thread 0x000001b4a3b9c510 Thread exited: 0x000001b4a3b9c510
Event: 411.898 Thread 0x000001b4a3b9b0d0 Thread added: 0x000001b4a3b9b0d0
Event: 411.900 Thread 0x000001b4a3b9b0d0 Thread exited: 0x000001b4a3b9b0d0
Event: 414.895 Thread 0x000001b4a3b98850 Thread added: 0x000001b4a3b98850
Event: 414.904 Thread 0x000001b4a3b98850 Thread exited: 0x000001b4a3b98850
Event: 414.947 Thread 0x000001b4a3b97920 Thread added: 0x000001b4a3b97920
Event: 414.997 Thread 0x000001b4a3b97920 Thread exited: 0x000001b4a3b97920
Event: 415.002 Thread 0x000001b4a3b9a1a0 Thread added: 0x000001b4a3b9a1a0
Event: 415.007 Thread 0x000001b4a3b9a1a0 Thread exited: 0x000001b4a3b9a1a0
Event: 415.066 Thread 0x000001b4a3b9c510 Thread added: 0x000001b4a3b9c510
Event: 415.066 Thread 0x000001b4a3b9b0d0 Thread added: 0x000001b4a3b9b0d0
Event: 415.068 Thread 0x000001b4a3b9b0d0 Thread exited: 0x000001b4a3b9b0d0
Event: 415.101 Thread 0x000001b4a3b9c510 Thread exited: 0x000001b4a3b9c510
Event: 415.116 Thread 0x000001b4a3b9b0d0 Thread added: 0x000001b4a3b9b0d0
Event: 415.123 Thread 0x000001b4a3b9b0d0 Thread exited: 0x000001b4a3b9b0d0
Event: 415.220 Thread 0x000001b4a3b9b0d0 Thread added: 0x000001b4a3b9b0d0
Event: 415.265 Thread 0x000001b4a3b9b0d0 Thread exited: 0x000001b4a3b9b0d0


Dynamic libraries:
0x00007ff6fc0f0000 - 0x00007ff6fc0fe000 	c:\Users\riska\.vscode\extensions\redhat.java-1.23.0-win32-x64\jre\17.0.8.1-win32-x86_64\bin\java.exe
0x00007ffc5fcf0000 - 0x00007ffc5ff04000 	C:\Windows\SYSTEM32\ntdll.dll
0x00007ffc5e6a0000 - 0x00007ffc5e764000 	C:\Windows\System32\KERNEL32.DLL
0x00007ffc5d510000 - 0x00007ffc5d8b4000 	C:\Windows\System32\KERNELBASE.dll
0x00007ffc5d1c0000 - 0x00007ffc5d2d1000 	C:\Windows\System32\ucrtbase.dll
0x00007ffc4e9d0000 - 0x00007ffc4e9e7000 	c:\Users\riska\.vscode\extensions\redhat.java-1.23.0-win32-x64\jre\17.0.8.1-win32-x86_64\bin\jli.dll
0x00007ffc5fa60000 - 0x00007ffc5fc0e000 	C:\Windows\System32\USER32.dll
0x00007ffc5d940000 - 0x00007ffc5d966000 	C:\Windows\System32\win32u.dll
0x00007ffc5f5e0000 - 0x00007ffc5f609000 	C:\Windows\System32\GDI32.dll
0x00007ffc5d0a0000 - 0x00007ffc5d1b8000 	C:\Windows\System32\gdi32full.dll
0x00007ffc5d970000 - 0x00007ffc5da0a000 	C:\Windows\System32\msvcp_win.dll
0x00007ffc4d6d0000 - 0x00007ffc4d6e9000 	c:\Users\riska\.vscode\extensions\redhat.java-1.23.0-win32-x64\jre\17.0.8.1-win32-x86_64\bin\VCRUNTIME140.dll
0x00007ffc460a0000 - 0x00007ffc46333000 	C:\Windows\WinSxS\amd64_microsoft.windows.common-controls_6595b64144ccf1df_6.0.22621.2215_none_270d72677387dfc3\COMCTL32.dll
0x00007ffc5e4d0000 - 0x00007ffc5e577000 	C:\Windows\System32\msvcrt.dll
0x00007ffc5f440000 - 0x00007ffc5f471000 	C:\Windows\System32\IMM32.DLL
0x00007ffc4fac0000 - 0x00007ffc4facc000 	c:\Users\riska\.vscode\extensions\redhat.java-1.23.0-win32-x64\jre\17.0.8.1-win32-x86_64\bin\vcruntime140_1.dll
0x00007ffc24480000 - 0x00007ffc24511000 	c:\Users\riska\.vscode\extensions\redhat.java-1.23.0-win32-x64\jre\17.0.8.1-win32-x86_64\bin\msvcp140.dll
0x00007ffbf4af0000 - 0x00007ffbf573c000 	c:\Users\riska\.vscode\extensions\redhat.java-1.23.0-win32-x64\jre\17.0.8.1-win32-x86_64\bin\server\jvm.dll
0x00007ffc5ef30000 - 0x00007ffc5efe0000 	C:\Windows\System32\ADVAPI32.dll
0x00007ffc5f610000 - 0x00007ffc5f6b6000 	C:\Windows\System32\sechost.dll
0x00007ffc5f0e0000 - 0x00007ffc5f1f7000 	C:\Windows\System32\RPCRT4.dll
0x00007ffc5cdc0000 - 0x00007ffc5ce0d000 	C:\Windows\SYSTEM32\POWRPROF.dll
0x00007ffc4d7b0000 - 0x00007ffc4d7b9000 	C:\Windows\SYSTEM32\WSOCK32.dll
0x00007ffc5e770000 - 0x00007ffc5e7e1000 	C:\Windows\System32\WS2_32.dll
0x00007ffc552e0000 - 0x00007ffc55314000 	C:\Windows\SYSTEM32\WINMM.dll
0x00007ffc56e00000 - 0x00007ffc56e0a000 	C:\Windows\SYSTEM32\VERSION.dll
0x00007ffc5cda0000 - 0x00007ffc5cdb3000 	C:\Windows\SYSTEM32\UMPDC.dll
0x00007ffc5c0f0000 - 0x00007ffc5c108000 	C:\Windows\SYSTEM32\kernel.appcore.dll
0x00007ffc4d470000 - 0x00007ffc4d47a000 	c:\Users\riska\.vscode\extensions\redhat.java-1.23.0-win32-x64\jre\17.0.8.1-win32-x86_64\bin\jimage.dll
0x00007ffc5ab20000 - 0x00007ffc5ad4e000 	C:\Windows\SYSTEM32\DBGHELP.DLL
0x00007ffc5f6d0000 - 0x00007ffc5fa5a000 	C:\Windows\System32\combase.dll
0x00007ffc5f000000 - 0x00007ffc5f0d7000 	C:\Windows\System32\OLEAUT32.dll
0x00007ffc4fa80000 - 0x00007ffc4fab2000 	C:\Windows\SYSTEM32\dbgcore.DLL
0x00007ffc5d8c0000 - 0x00007ffc5d93a000 	C:\Windows\System32\bcryptPrimitives.dll
0x00007ffc4d460000 - 0x00007ffc4d46e000 	c:\Users\riska\.vscode\extensions\redhat.java-1.23.0-win32-x64\jre\17.0.8.1-win32-x86_64\bin\instrument.dll
0x00007ffc388a0000 - 0x00007ffc388c5000 	c:\Users\riska\.vscode\extensions\redhat.java-1.23.0-win32-x64\jre\17.0.8.1-win32-x86_64\bin\java.dll
0x00007ffc48c10000 - 0x00007ffc48c28000 	c:\Users\riska\.vscode\extensions\redhat.java-1.23.0-win32-x64\jre\17.0.8.1-win32-x86_64\bin\zip.dll
0x00007ffc5da80000 - 0x00007ffc5e2a3000 	C:\Windows\System32\SHELL32.dll
0x00007ffc5b030000 - 0x00007ffc5b91a000 	C:\Windows\SYSTEM32\windows.storage.dll
0x00007ffc5aef0000 - 0x00007ffc5b02e000 	C:\Windows\SYSTEM32\wintypes.dll
0x00007ffc5ec90000 - 0x00007ffc5ed83000 	C:\Windows\System32\SHCORE.dll
0x00007ffc5f3e0000 - 0x00007ffc5f43e000 	C:\Windows\System32\shlwapi.dll
0x00007ffc5cfd0000 - 0x00007ffc5cff6000 	C:\Windows\SYSTEM32\profapi.dll
0x00007ffc48a50000 - 0x00007ffc48a69000 	C:\Users\riska\.vscode\extensions\redhat.java-1.23.0-win32-x64\jre\17.0.8.1-win32-x86_64\bin\net.dll
0x00007ffc551a0000 - 0x00007ffc552d7000 	C:\Windows\SYSTEM32\WINHTTP.dll
0x00007ffc5c570000 - 0x00007ffc5c5d9000 	C:\Windows\system32\mswsock.dll
0x00007ffc3eb20000 - 0x00007ffc3eb35000 	C:\Users\riska\.vscode\extensions\redhat.java-1.23.0-win32-x64\jre\17.0.8.1-win32-x86_64\bin\nio.dll
0x00007ffc4bc50000 - 0x00007ffc4bc60000 	c:\Users\riska\.vscode\extensions\redhat.java-1.23.0-win32-x64\jre\17.0.8.1-win32-x86_64\bin\verify.dll
0x00007ffc2d0c0000 - 0x00007ffc2d0fe000 	C:\Users\riska\AppData\Roaming\Code\User\globalStorage\redhat.java\1.23.0\config_win\org.eclipse.equinox.launcher\org.eclipse.equinox.launcher.win32.win32.x86_64_1.2.700.v20221108-1024\eclipse_11801.dll
0x00007ffc5ed90000 - 0x00007ffc5ef2e000 	C:\Windows\System32\ole32.dll
0x00007ffc5c7c0000 - 0x00007ffc5c7db000 	C:\Windows\SYSTEM32\CRYPTSP.dll
0x00007ffc5c060000 - 0x00007ffc5c095000 	C:\Windows\system32\rsaenh.dll
0x00007ffc5c660000 - 0x00007ffc5c68c000 	C:\Windows\SYSTEM32\USERENV.dll
0x00007ffc5c980000 - 0x00007ffc5c9a8000 	C:\Windows\SYSTEM32\bcrypt.dll
0x00007ffc5c7e0000 - 0x00007ffc5c7ec000 	C:\Windows\SYSTEM32\CRYPTBASE.dll
0x00007ffc5bbc0000 - 0x00007ffc5bbed000 	C:\Windows\SYSTEM32\IPHLPAPI.DLL
0x00007ffc5f300000 - 0x00007ffc5f309000 	C:\Windows\System32\NSI.dll
0x00007ffc55520000 - 0x00007ffc55539000 	C:\Windows\SYSTEM32\dhcpcsvc6.DLL
0x00007ffc539c0000 - 0x00007ffc539df000 	C:\Windows\SYSTEM32\dhcpcsvc.DLL
0x00007ffc5bc40000 - 0x00007ffc5bd32000 	C:\Windows\SYSTEM32\DNSAPI.dll
0x00007ffc24430000 - 0x00007ffc24475000 	C:\Users\riska\AppData\Local\Temp\jna-108523378\jna12866442603984028901.dll
0x00007ffc5f5d0000 - 0x00007ffc5f5d8000 	C:\Windows\System32\PSAPI.DLL

dbghelp: loaded successfully - version: 4.0.5 - missing functions: none
symbol engine: initialized successfully - sym options: 0x614 - pdb path: .;c:\Users\riska\.vscode\extensions\redhat.java-1.23.0-win32-x64\jre\17.0.8.1-win32-x86_64\bin;C:\Windows\SYSTEM32;C:\Windows\WinSxS\amd64_microsoft.windows.common-controls_6595b64144ccf1df_6.0.22621.2215_none_270d72677387dfc3;c:\Users\riska\.vscode\extensions\redhat.java-1.23.0-win32-x64\jre\17.0.8.1-win32-x86_64\bin\server;C:\Users\riska\AppData\Roaming\Code\User\globalStorage\redhat.java\1.23.0\config_win\org.eclipse.equinox.launcher\org.eclipse.equinox.launcher.win32.win32.x86_64_1.2.700.v20221108-1024;C:\Users\riska\AppData\Local\Temp\jna-108523378

VM Arguments:
jvm_args: --add-modules=ALL-SYSTEM --add-opens=java.base/java.util=ALL-UNNAMED --add-opens=java.base/java.lang=ALL-UNNAMED --add-opens=java.base/sun.nio.fs=ALL-UNNAMED -Declipse.application=org.eclipse.jdt.ls.core.id1 -Dosgi.bundles.defaultStartLevel=4 -Declipse.product=org.eclipse.jdt.ls.core.product -Djava.import.generatesMetadataFilesAtProjectRoot=false -DDetectVMInstallationsJob.disabled=true -Dfile.encoding=utf8 -XX:+UseParallelGC -XX:GCTimeRatio=4 -XX:AdaptiveSizePolicyWeight=90 -Dsun.zip.disableMemoryMapping=true -Xmx1G -Xms100m -Xlog:disable -javaagent:c:\Users\riska\.vscode\extensions\redhat.java-1.23.0-win32-x64\lombok\lombok-1.18.30.jar -XX:+HeapDumpOnOutOfMemoryError -XX:HeapDumpPath=c:\Users\riska\AppData\Roaming\Code\User\workspaceStorage\be6b49f38933a311cd9574f1a5c21e3b\redhat.java -Daether.dependencyCollector.impl=bf 
java_command: c:\Users\riska\.vscode\extensions\redhat.java-1.23.0-win32-x64\server\plugins\org.eclipse.equinox.launcher_1.6.500.v20230717-2134.jar -configuration c:\Users\riska\AppData\Roaming\Code\User\globalStorage\redhat.java\1.23.0\config_win -data c:\Users\riska\AppData\Roaming\Code\User\workspaceStorage\be6b49f38933a311cd9574f1a5c21e3b\redhat.java\jdt_ws
java_class_path (initial): c:\Users\riska\.vscode\extensions\redhat.java-1.23.0-win32-x64\server\plugins\org.eclipse.equinox.launcher_1.6.500.v20230717-2134.jar
Launcher Type: SUN_STANDARD

[Global flags]
    uintx AdaptiveSizePolicyWeight                 = 90                                        {product} {command line}
     intx CICompilerCount                          = 2                                         {product} {ergonomic}
    uintx GCTimeRatio                              = 4                                         {product} {command line}
     bool HeapDumpOnOutOfMemoryError               = true                                   {manageable} {command line}
    ccstr HeapDumpPath                             = c:\Users\riska\AppData\Roaming\Code\User\workspaceStorage\be6b49f38933a311cd9574f1a5c21e3b\redhat.java         {manageable} {command line}
   size_t InitialHeapSize                          = 104857600                                 {product} {command line}
   size_t MaxHeapSize                              = 1073741824                                {product} {command line}
   size_t MaxNewSize                               = 357564416                                 {product} {ergonomic}
   size_t MinHeapDeltaBytes                        = 524288                                    {product} {ergonomic}
   size_t MinHeapSize                              = 104857600                                 {product} {command line}
   size_t NewSize                                  = 34603008                                  {product} {ergonomic}
    uintx NonNMethodCodeHeapSize                   = 5826188                                {pd product} {ergonomic}
    uintx NonProfiledCodeHeapSize                  = 122916026                              {pd product} {ergonomic}
   size_t OldSize                                  = 70254592                                  {product} {ergonomic}
    uintx ProfiledCodeHeapSize                     = 122916026                              {pd product} {ergonomic}
    uintx ReservedCodeCacheSize                    = 251658240                              {pd product} {ergonomic}
     bool SegmentedCodeCache                       = true                                      {product} {ergonomic}
   size_t SoftMaxHeapSize                          = 1073741824                             {manageable} {ergonomic}
     bool UseCompressedClassPointers               = true                           {product lp64_product} {ergonomic}
     bool UseCompressedOops                        = true                           {product lp64_product} {ergonomic}
     bool UseLargePagesIndividualAllocation        = false                                  {pd product} {ergonomic}
     bool UseParallelGC                            = true                                      {product} {command line}

Logging:
Log output configuration:
 #0: stdout all=off uptime,level,tags
 #1: stderr all=off uptime,level,tags

Environment Variables:
PATH=C:\Program Files\Common Files\Oracle\Java\javapath;C:\Windows\system32;C:\Windows;C:\Windows\System32\Wbem;C:\Windows\System32\WindowsPowerShell\v1.0\;C:\Windows\System32\OpenSSH\;C:\Program Files\Git\cmd;C:\Users\riska\AppData\Local\Microsoft\WindowsApps;;C:\Users\riska\AppData\Local\Programs\Microsoft VS Code\bin
USERNAME=riska
OS=Windows_NT
PROCESSOR_IDENTIFIER=Intel64 Family 6 Model 122 Stepping 8, GenuineIntel
TMP=C:\Users\riska\AppData\Local\Temp
TEMP=C:\Users\riska\AppData\Local\Temp



---------------  S Y S T E M  ---------------

OS:
 Windows 11 , 64 bit Build 22621 (10.0.22621.2215)
OS uptime: 7 days 9:49 hours

CPU: total 2 (initial active 2) (2 cores per cpu, 1 threads per core) family 6 model 122 stepping 8 microcode 0x18, cx8, cmov, fxsr, mmx, 3dnowpref, sse, sse2, sse3, ssse3, sse4.1, sse4.2, popcnt, tsc, tscinvbit, aes, erms, clmul, sha, clflush, clflushopt
Processor Information for all 2 processors :
  Max Mhz: 1101, Current Mhz: 1101, Mhz Limit: 1101

Memory: 4k page, system-wide physical 3918M (246M free)
TotalPageFile size 5966M (AvailPageFile size 5M)
current process WorkingSet (physical memory assigned to process): 677M, peak: 728M
current process commit charge ("private bytes"): 702M, peak: 725M

vm_info: OpenJDK 64-Bit Server VM (17.0.8.1+1) for windows-amd64 JRE (17.0.8.1+1), built on Aug 23 2023 15:29:17 by "admin" with MS VC++ 16.7 (VS2019)

END.
